TN:
SF:src/api/agents.ts
FN:14,(anonymous_0)
FN:18,(anonymous_1)
FN:22,(anonymous_2)
FN:26,(anonymous_3)
FN:30,(anonymous_4)
FN:34,(anonymous_5)
FNF:6
FNH:6
FNDA:2,(anonymous_0)
FNDA:1,(anonymous_1)
FNDA:1,(anonymous_2)
FNDA:1,(anonymous_3)
FNDA:1,(anonymous_4)
FNDA:1,(anonymous_5)
DA:12,1
DA:15,2
DA:19,1
DA:23,1
DA:27,1
DA:31,1
DA:35,1
LF:7
LH:7
BRF:0
BRH:0
end_of_record
TN:
SF:src/api/alerts.ts
FN:7,(anonymous_0)
FN:11,(anonymous_1)
FN:15,(anonymous_2)
FNF:3
FNH:3
FNDA:2,(anonymous_0)
FNDA:1,(anonymous_1)
FNDA:1,(anonymous_2)
DA:5,1
DA:8,2
DA:12,1
DA:16,1
LF:4
LH:4
BRF:0
BRH:0
end_of_record
TN:
SF:src/api/client.ts
FN:16,(anonymous_0)
FN:24,(anonymous_1)
FN:25,(anonymous_2)
FN:32,(anonymous_3)
FNF:4
FNH:2
FNDA:1,(anonymous_0)
FNDA:0,(anonymous_1)
FNDA:1,(anonymous_2)
FNDA:0,(anonymous_3)
DA:11,2
DA:16,2
DA:17,1
DA:18,1
DA:19,1
DA:22,2
DA:24,0
DA:26,1
DA:30,0
DA:32,0
DA:34,1
LF:11
LH:8
BRDA:18,0,0,1
BRDA:18,0,1,0
BRDA:26,1,0,0
BRDA:26,1,1,1
BRDA:27,2,0,1
BRDA:27,2,1,1
BRF:6
BRH:4
end_of_record
TN:
SF:src/api/cortex.ts
FN:16,randomNonce
FN:19,(anonymous_1)
FN:23,hmacSha256Hex
FN:29,(anonymous_3)
FN:45,(anonymous_4)
FN:59,(anonymous_5)
FN:60,(anonymous_6)
FN:69,(anonymous_7)
FN:75,(anonymous_8)
FN:81,(anonymous_9)
FN:91,(anonymous_10)
FN:101,(anonymous_11)
FN:107,(anonymous_12)
FN:113,(anonymous_13)
FN:119,(anonymous_14)
FN:129,(anonymous_15)
FN:135,(anonymous_16)
FN:141,(anonymous_17)
FN:147,(anonymous_18)
FN:153,(anonymous_19)
FN:159,(anonymous_20)
FN:169,(anonymous_21)
FNF:22
FNH:15
FNDA:0,randomNonce
FNDA:0,(anonymous_1)
FNDA:0,hmacSha256Hex
FNDA:0,(anonymous_3)
FNDA:0,(anonymous_4)
FNDA:0,(anonymous_5)
FNDA:0,(anonymous_6)
FNDA:2,(anonymous_7)
FNDA:1,(anonymous_8)
FNDA:1,(anonymous_9)
FNDA:2,(anonymous_10)
FNDA:2,(anonymous_11)
FNDA:1,(anonymous_12)
FNDA:1,(anonymous_13)
FNDA:1,(anonymous_14)
FNDA:1,(anonymous_15)
FNDA:1,(anonymous_16)
FNDA:1,(anonymous_17)
FNDA:1,(anonymous_18)
FNDA:1,(anonymous_19)
FNDA:1,(anonymous_20)
FNDA:1,(anonymous_21)
DA:12,1
DA:13,1
DA:17,0
DA:18,0
DA:19,0
DA:24,0
DA:25,0
DA:28,0
DA:29,0
DA:39,1
DA:45,1
DA:46,0
DA:47,0
DA:48,0
DA:50,0
DA:51,0
DA:52,0
DA:53,0
DA:54,0
DA:57,1
DA:59,0
DA:61,0
DA:67,1
DA:70,2
DA:76,1
DA:82,1
DA:89,1
DA:92,2
DA:99,1
DA:102,2
DA:108,1
DA:114,1
DA:120,1
DA:127,1
DA:130,1
DA:136,1
DA:142,1
DA:148,1
DA:154,1
DA:160,1
DA:167,1
DA:170,1
LF:42
LH:25
BRDA:71,0,0,1
BRDA:71,0,1,1
BRDA:93,1,0,2
BRDA:93,1,1,1
BRDA:103,2,0,2
BRDA:103,2,1,1
BRF:6
BRH:6
end_of_record
TN:
SF:src/api/crowdstrike.ts
FN:24,(anonymous_0)
FN:32,(anonymous_1)
FN:33,(anonymous_2)
FN:53,ensureCsAuth
FN:70,(anonymous_4)
FN:84,(anonymous_5)
FN:88,(anonymous_6)
FN:92,(anonymous_7)
FN:102,(anonymous_8)
FN:106,(anonymous_9)
FN:110,(anonymous_10)
FN:118,(anonymous_11)
FN:122,(anonymous_12)
FN:126,(anonymous_13)
FN:137,(anonymous_14)
FN:141,(anonymous_15)
FN:145,(anonymous_16)
FN:155,(anonymous_17)
FN:163,(anonymous_18)
FNF:19
FNH:16
FNDA:0,(anonymous_0)
FNDA:0,(anonymous_1)
FNDA:0,(anonymous_2)
FNDA:2,ensureCsAuth
FNDA:1,(anonymous_4)
FNDA:1,(anonymous_5)
FNDA:1,(anonymous_6)
FNDA:1,(anonymous_7)
FNDA:1,(anonymous_8)
FNDA:1,(anonymous_9)
FNDA:1,(anonymous_10)
FNDA:1,(anonymous_11)
FNDA:1,(anonymous_12)
FNDA:1,(anonymous_13)
FNDA:1,(anonymous_14)
FNDA:1,(anonymous_15)
FNDA:1,(anonymous_16)
FNDA:1,(anonymous_17)
FNDA:1,(anonymous_18)
DA:18,1
DA:24,1
DA:25,0
DA:26,0
DA:27,0
DA:30,1
DA:32,0
DA:34,0
DA:35,0
DA:37,0
DA:43,1
DA:44,1
DA:54,2
DA:55,2
DA:56,2
DA:57,1
DA:58,1
DA:59,1
DA:60,1
DA:63,1
DA:64,1
DA:69,1
DA:71,1
DA:72,1
DA:73,1
DA:74,1
DA:82,1
DA:85,1
DA:89,1
DA:93,1
DA:100,1
DA:103,1
DA:107,1
DA:111,1
DA:116,1
DA:119,1
DA:123,1
DA:127,1
DA:135,1
DA:138,1
DA:142,1
DA:146,1
DA:153,1
DA:156,1
DA:161,1
DA:164,1
LF:46
LH:39
BRDA:26,0,0,0
BRDA:26,0,1,0
BRDA:34,1,0,0
BRDA:34,1,1,0
BRDA:34,2,0,0
BRDA:34,2,1,0
BRDA:56,3,0,1
BRDA:56,3,1,1
BRDA:56,4,0,2
BRDA:56,4,1,1
BRDA:56,4,2,1
BRF:11
BRH:5
end_of_record
TN:
SF:src/api/defender.ts
FN:23,(anonymous_0)
FN:31,(anonymous_1)
FN:32,(anonymous_2)
FN:52,ensureMdeAuth
FN:71,(anonymous_4)
FN:75,(anonymous_5)
FN:79,(anonymous_6)
FN:83,(anonymous_7)
FN:87,(anonymous_8)
FN:95,(anonymous_9)
FN:99,(anonymous_10)
FN:103,(anonymous_11)
FN:111,(anonymous_12)
FN:115,(anonymous_13)
FN:119,(anonymous_14)
FN:123,(anonymous_15)
FN:127,(anonymous_16)
FN:135,(anonymous_17)
FN:139,(anonymous_18)
FN:147,(anonymous_19)
FN:151,(anonymous_20)
FNF:21
FNH:18
FNDA:0,(anonymous_0)
FNDA:0,(anonymous_1)
FNDA:0,(anonymous_2)
FNDA:2,ensureMdeAuth
FNDA:1,(anonymous_4)
FNDA:1,(anonymous_5)
FNDA:1,(anonymous_6)
FNDA:1,(anonymous_7)
FNDA:1,(anonymous_8)
FNDA:1,(anonymous_9)
FNDA:1,(anonymous_10)
FNDA:1,(anonymous_11)
FNDA:1,(anonymous_12)
FNDA:1,(anonymous_13)
FNDA:1,(anonymous_14)
FNDA:1,(anonymous_15)
FNDA:1,(anonymous_16)
FNDA:1,(anonymous_17)
FNDA:1,(anonymous_18)
FNDA:1,(anonymous_19)
FNDA:1,(anonymous_20)
DA:17,1
DA:23,1
DA:24,0
DA:25,0
DA:26,0
DA:29,1
DA:31,0
DA:33,0
DA:34,0
DA:36,0
DA:42,1
DA:43,1
DA:53,2
DA:54,2
DA:55,2
DA:56,1
DA:57,1
DA:58,1
DA:59,1
DA:60,1
DA:63,1
DA:64,1
DA:69,1
DA:72,1
DA:76,1
DA:80,1
DA:84,1
DA:88,1
DA:93,1
DA:96,1
DA:100,1
DA:104,1
DA:109,1
DA:112,1
DA:116,1
DA:120,1
DA:124,1
DA:128,1
DA:133,1
DA:136,1
DA:140,1
DA:145,1
DA:148,1
DA:152,1
LF:44
LH:37
BRDA:25,0,0,0
BRDA:25,0,1,0
BRDA:33,1,0,0
BRDA:33,1,1,0
BRDA:33,2,0,0
BRDA:33,2,1,0
BRDA:55,3,0,1
BRDA:55,3,1,1
BRDA:55,4,0,2
BRDA:55,4,1,1
BRDA:55,4,2,1
BRF:11
BRH:5
end_of_record
TN:
SF:src/api/elastic.ts
FN:31,(anonymous_0)
FN:32,(anonymous_1)
FN:56,(anonymous_2)
FN:57,(anonymous_3)
FN:69,(anonymous_4)
FN:73,(anonymous_5)
FN:81,(anonymous_6)
FN:85,(anonymous_7)
FN:89,(anonymous_8)
FN:93,(anonymous_9)
FN:101,(anonymous_10)
FN:105,(anonymous_11)
FN:109,(anonymous_12)
FN:113,(anonymous_13)
FN:117,(anonymous_14)
FN:121,(anonymous_15)
FN:125,(anonymous_16)
FN:133,(anonymous_17)
FN:137,(anonymous_18)
FN:141,(anonymous_19)
FN:149,(anonymous_20)
FN:153,(anonymous_21)
FN:157,(anonymous_22)
FN:161,(anonymous_23)
FN:165,(anonymous_24)
FN:169,(anonymous_25)
FN:173,(anonymous_26)
FN:181,(anonymous_27)
FN:185,(anonymous_28)
FN:189,(anonymous_29)
FN:193,(anonymous_30)
FN:197,(anonymous_31)
FN:201,(anonymous_32)
FNF:33
FNH:29
FNDA:0,(anonymous_0)
FNDA:0,(anonymous_1)
FNDA:0,(anonymous_2)
FNDA:0,(anonymous_3)
FNDA:1,(anonymous_4)
FNDA:1,(anonymous_5)
FNDA:1,(anonymous_6)
FNDA:1,(anonymous_7)
FNDA:1,(anonymous_8)
FNDA:1,(anonymous_9)
FNDA:1,(anonymous_10)
FNDA:1,(anonymous_11)
FNDA:1,(anonymous_12)
FNDA:1,(anonymous_13)
FNDA:1,(anonymous_14)
FNDA:1,(anonymous_15)
FNDA:1,(anonymous_16)
FNDA:1,(anonymous_17)
FNDA:1,(anonymous_18)
FNDA:1,(anonymous_19)
FNDA:1,(anonymous_20)
FNDA:1,(anonymous_21)
FNDA:1,(anonymous_22)
FNDA:1,(anonymous_23)
FNDA:1,(anonymous_24)
FNDA:1,(anonymous_25)
FNDA:1,(anonymous_26)
FNDA:1,(anonymous_27)
FNDA:1,(anonymous_28)
FNDA:1,(anonymous_29)
FNDA:1,(anonymous_30)
FNDA:1,(anonymous_31)
FNDA:1,(anonymous_32)
DA:14,1
DA:20,1
DA:29,1
DA:31,0
DA:33,0
DA:34,0
DA:36,0
DA:44,1
DA:54,1
DA:56,0
DA:58,0
DA:59,0
DA:61,0
DA:67,1
DA:70,1
DA:74,1
DA:79,1
DA:82,1
DA:86,1
DA:90,1
DA:94,1
DA:99,1
DA:102,1
DA:106,1
DA:110,1
DA:114,1
DA:118,1
DA:122,1
DA:126,1
DA:131,1
DA:134,1
DA:138,1
DA:142,1
DA:147,1
DA:150,1
DA:154,1
DA:158,1
DA:162,1
DA:166,1
DA:170,1
DA:174,1
DA:179,1
DA:182,1
DA:186,1
DA:190,1
DA:194,1
DA:198,1
DA:202,1
LF:48
LH:40
BRDA:33,0,0,0
BRDA:33,0,1,0
BRDA:58,1,0,0
BRDA:58,1,1,0
BRF:4
BRH:0
end_of_record
TN:
SF:src/api/graph.ts
FN:44,(anonymous_0)
FN:52,(anonymous_1)
FN:53,(anonymous_2)
FN:64,ensureGraphAuth
FN:86,(anonymous_4)
FN:90,(anonymous_5)
FN:98,(anonymous_6)
FN:102,(anonymous_7)
FN:106,(anonymous_8)
FN:114,(anonymous_9)
FN:118,(anonymous_10)
FN:122,(anonymous_11)
FN:126,(anonymous_12)
FN:130,(anonymous_13)
FN:138,(anonymous_14)
FN:142,(anonymous_15)
FN:146,(anonymous_16)
FN:154,(anonymous_17)
FN:158,(anonymous_18)
FN:162,(anonymous_19)
FN:166,(anonymous_20)
FN:174,(anonymous_21)
FN:178,(anonymous_22)
FN:182,(anonymous_23)
FN:186,(anonymous_24)
FN:194,(anonymous_25)
FN:198,(anonymous_26)
FN:206,(anonymous_27)
FN:210,(anonymous_28)
FN:214,(anonymous_29)
FN:222,(anonymous_30)
FN:226,(anonymous_31)
FN:230,(anonymous_32)
FN:238,(anonymous_33)
FN:242,(anonymous_34)
FN:246,(anonymous_35)
FNF:36
FNH:0
FNDA:0,(anonymous_0)
FNDA:0,(anonymous_1)
FNDA:0,(anonymous_2)
FNDA:0,ensureGraphAuth
FNDA:0,(anonymous_4)
FNDA:0,(anonymous_5)
FNDA:0,(anonymous_6)
FNDA:0,(anonymous_7)
FNDA:0,(anonymous_8)
FNDA:0,(anonymous_9)
FNDA:0,(anonymous_10)
FNDA:0,(anonymous_11)
FNDA:0,(anonymous_12)
FNDA:0,(anonymous_13)
FNDA:0,(anonymous_14)
FNDA:0,(anonymous_15)
FNDA:0,(anonymous_16)
FNDA:0,(anonymous_17)
FNDA:0,(anonymous_18)
FNDA:0,(anonymous_19)
FNDA:0,(anonymous_20)
FNDA:0,(anonymous_21)
FNDA:0,(anonymous_22)
FNDA:0,(anonymous_23)
FNDA:0,(anonymous_24)
FNDA:0,(anonymous_25)
FNDA:0,(anonymous_26)
FNDA:0,(anonymous_27)
FNDA:0,(anonymous_28)
FNDA:0,(anonymous_29)
FNDA:0,(anonymous_30)
FNDA:0,(anonymous_31)
FNDA:0,(anonymous_32)
FNDA:0,(anonymous_33)
FNDA:0,(anonymous_34)
FNDA:0,(anonymous_35)
DA:38,0
DA:44,0
DA:45,0
DA:46,0
DA:47,0
DA:50,0
DA:52,0
DA:54,0
DA:55,0
DA:57,0
DA:65,0
DA:66,0
DA:67,0
DA:69,0
DA:70,0
DA:71,0
DA:72,0
DA:74,0
DA:78,0
DA:79,0
DA:84,0
DA:87,0
DA:91,0
DA:96,0
DA:99,0
DA:103,0
DA:107,0
DA:112,0
DA:115,0
DA:119,0
DA:123,0
DA:127,0
DA:131,0
DA:136,0
DA:139,0
DA:143,0
DA:147,0
DA:152,0
DA:155,0
DA:159,0
DA:163,0
DA:167,0
DA:172,0
DA:175,0
DA:179,0
DA:183,0
DA:187,0
DA:192,0
DA:195,0
DA:199,0
DA:204,0
DA:207,0
DA:211,0
DA:215,0
DA:220,0
DA:223,0
DA:227,0
DA:231,0
DA:236,0
DA:239,0
DA:243,0
DA:247,0
LF:62
LH:0
BRDA:46,0,0,0
BRDA:46,0,1,0
BRDA:54,1,0,0
BRDA:54,1,1,0
BRDA:54,2,0,0
BRDA:54,2,1,0
BRDA:67,3,0,0
BRDA:67,3,1,0
BRDA:67,4,0,0
BRDA:67,4,1,0
BRDA:67,4,2,0
BRDA:130,5,0,0
BRDA:194,6,0,0
BRDA:198,7,0,0
BRDA:206,8,0,0
BRDA:210,9,0,0
BRDA:210,10,0,0
BRF:17
BRH:0
end_of_record
TN:
SF:src/api/misc.ts
FN:21,(anonymous_0)
FN:25,(anonymous_1)
FN:29,(anonymous_2)
FN:33,(anonymous_3)
FN:37,(anonymous_4)
FN:41,(anonymous_5)
FN:45,(anonymous_6)
FN:51,(anonymous_7)
FN:55,(anonymous_8)
FN:59,(anonymous_9)
FN:63,(anonymous_10)
FN:69,(anonymous_11)
FN:75,(anonymous_12)
FN:79,(anonymous_13)
FN:83,(anonymous_14)
FN:89,(anonymous_15)
FN:93,(anonymous_16)
FN:97,(anonymous_17)
FN:103,(anonymous_18)
FN:107,(anonymous_19)
FN:114,(anonymous_20)
FN:121,(anonymous_21)
FN:129,(anonymous_22)
FN:133,(anonymous_23)
FN:137,(anonymous_24)
FN:141,(anonymous_25)
FN:148,(anonymous_26)
FN:150,(anonymous_27)
FN:152,(anonymous_28)
FN:154,(anonymous_29)
FN:171,(anonymous_30)
FN:175,(anonymous_31)
FN:179,(anonymous_32)
FN:185,(anonymous_33)
FN:191,(anonymous_34)
FN:195,(anonymous_35)
FN:199,(anonymous_36)
FN:203,(anonymous_37)
FN:209,(anonymous_38)
FN:213,(anonymous_39)
FN:217,(anonymous_40)
FN:221,(anonymous_41)
FN:225,(anonymous_42)
FN:229,(anonymous_43)
FN:233,(anonymous_44)
FN:237,(anonymous_45)
FN:241,(anonymous_46)
FNF:47
FNH:47
FNDA:1,(anonymous_0)
FNDA:1,(anonymous_1)
FNDA:1,(anonymous_2)
FNDA:1,(anonymous_3)
FNDA:1,(anonymous_4)
FNDA:1,(anonymous_5)
FNDA:1,(anonymous_6)
FNDA:1,(anonymous_7)
FNDA:1,(anonymous_8)
FNDA:1,(anonymous_9)
FNDA:1,(anonymous_10)
FNDA:1,(anonymous_11)
FNDA:1,(anonymous_12)
FNDA:1,(anonymous_13)
FNDA:1,(anonymous_14)
FNDA:1,(anonymous_15)
FNDA:1,(anonymous_16)
FNDA:1,(anonymous_17)
FNDA:1,(anonymous_18)
FNDA:2,(anonymous_19)
FNDA:1,(anonymous_20)
FNDA:1,(anonymous_21)
FNDA:1,(anonymous_22)
FNDA:1,(anonymous_23)
FNDA:1,(anonymous_24)
FNDA:1,(anonymous_25)
FNDA:1,(anonymous_26)
FNDA:1,(anonymous_27)
FNDA:1,(anonymous_28)
FNDA:1,(anonymous_29)
FNDA:1,(anonymous_30)
FNDA:1,(anonymous_31)
FNDA:2,(anonymous_32)
FNDA:1,(anonymous_33)
FNDA:1,(anonymous_34)
FNDA:1,(anonymous_35)
FNDA:1,(anonymous_36)
FNDA:1,(anonymous_37)
FNDA:1,(anonymous_38)
FNDA:1,(anonymous_39)
FNDA:1,(anonymous_40)
FNDA:1,(anonymous_41)
FNDA:1,(anonymous_42)
FNDA:1,(anonymous_43)
FNDA:1,(anonymous_44)
FNDA:1,(anonymous_45)
FNDA:2,(anonymous_46)
DA:19,3
DA:22,1
DA:26,1
DA:30,1
DA:34,1
DA:38,1
DA:42,1
DA:46,1
DA:49,3
DA:52,1
DA:56,1
DA:60,1
DA:64,1
DA:67,3
DA:70,1
DA:73,3
DA:76,1
DA:80,1
DA:84,1
DA:87,3
DA:90,1
DA:94,1
DA:98,1
DA:101,3
DA:104,1
DA:111,2
DA:118,1
DA:122,1
DA:127,3
DA:130,1
DA:134,1
DA:138,1
DA:142,1
DA:147,3
DA:149,1
DA:151,1
DA:153,1
DA:155,1
DA:169,3
DA:172,1
DA:176,1
DA:180,2
DA:186,1
DA:189,3
DA:192,1
DA:196,1
DA:200,1
DA:204,1
DA:207,3
DA:210,1
DA:214,1
DA:218,1
DA:222,1
DA:226,1
DA:230,1
DA:234,1
DA:238,1
DA:242,2
LF:58
LH:58
BRDA:111,0,0,2
BRDA:111,0,1,1
BRF:2
BRH:2
end_of_record
TN:
SF:src/api/sentinel.ts
FN:25,(anonymous_0)
FN:41,(anonymous_1)
FN:42,(anonymous_2)
FN:51,(anonymous_3)
FN:53,(anonymous_4)
FN:55,(anonymous_5)
FN:57,(anonymous_6)
FN:59,(anonymous_7)
FN:61,(anonymous_8)
FN:63,(anonymous_9)
FN:68,(anonymous_10)
FN:73,(anonymous_11)
FN:78,(anonymous_12)
FN:83,(anonymous_13)
FN:84,(anonymous_14)
FNF:15
FNH:12
FNDA:0,(anonymous_0)
FNDA:0,(anonymous_1)
FNDA:0,(anonymous_2)
FNDA:2,(anonymous_3)
FNDA:1,(anonymous_4)
FNDA:1,(anonymous_5)
FNDA:1,(anonymous_6)
FNDA:1,(anonymous_7)
FNDA:1,(anonymous_8)
FNDA:1,(anonymous_9)
FNDA:1,(anonymous_10)
FNDA:2,(anonymous_11)
FNDA:1,(anonymous_12)
FNDA:1,(anonymous_13)
FNDA:1,(anonymous_14)
DA:12,1
DA:13,1
DA:15,1
DA:17,1
DA:25,1
DA:26,0
DA:27,0
DA:32,0
DA:34,0
DA:35,0
DA:39,1
DA:41,0
DA:43,0
DA:44,0
DA:48,1
DA:50,1
DA:52,2
DA:54,1
DA:56,1
DA:58,1
DA:60,1
DA:62,1
DA:64,1
DA:67,1
DA:69,1
DA:72,1
DA:74,2
DA:77,1
DA:79,1
DA:82,1
DA:84,1
LF:31
LH:23
BRDA:26,0,0,0
BRDA:26,0,1,0
BRDA:43,1,0,0
BRDA:43,1,1,0
BRDA:51,2,0,2
BRDA:73,3,0,2
BRF:6
BRH:2
end_of_record
TN:
SF:src/api/splunk.ts
FN:34,(anonymous_0)
FN:35,(anonymous_1)
FN:42,(anonymous_2)
FN:46,(anonymous_3)
FN:54,(anonymous_4)
FN:60,(anonymous_5)
FN:64,(anonymous_6)
FN:70,(anonymous_7)
FN:80,(anonymous_8)
FN:87,(anonymous_9)
FN:98,(anonymous_10)
FN:106,(anonymous_11)
FN:110,(anonymous_12)
FN:113,(anonymous_13)
FN:116,(anonymous_14)
FN:117,(anonymous_15)
FN:124,(anonymous_16)
FNF:17
FNH:14
FNDA:0,(anonymous_0)
FNDA:0,(anonymous_1)
FNDA:1,(anonymous_2)
FNDA:1,(anonymous_3)
FNDA:1,(anonymous_4)
FNDA:1,(anonymous_5)
FNDA:1,(anonymous_6)
FNDA:1,(anonymous_7)
FNDA:0,(anonymous_8)
FNDA:1,(anonymous_9)
FNDA:1,(anonymous_10)
FNDA:1,(anonymous_11)
FNDA:1,(anonymous_12)
FNDA:1,(anonymous_13)
FNDA:1,(anonymous_14)
FNDA:1,(anonymous_15)
FNDA:1,(anonymous_16)
DA:13,1
DA:14,1
DA:22,1
DA:32,1
DA:34,0
DA:35,0
DA:40,1
DA:43,1
DA:47,1
DA:52,1
DA:55,1
DA:61,1
DA:65,1
DA:71,1
DA:78,1
DA:81,0
DA:82,0
DA:83,0
DA:88,1
DA:96,1
DA:99,1
DA:104,1
DA:107,1
DA:111,1
DA:113,1
DA:117,1
DA:122,1
DA:125,1
LF:28
LH:23
BRDA:54,0,0,1
BRDA:54,1,0,1
BRDA:64,2,0,1
BRDA:64,3,0,1
BRF:4
BRH:4
end_of_record
TN:
SF:src/api/system.ts
FN:22,(anonymous_0)
FN:26,(anonymous_1)
FN:30,(anonymous_2)
FN:34,(anonymous_3)
FN:38,(anonymous_4)
FN:42,(anonymous_5)
FN:46,(anonymous_6)
FN:50,(anonymous_7)
FN:54,(anonymous_8)
FN:58,(anonymous_9)
FN:62,(anonymous_10)
FN:66,(anonymous_11)
FN:72,(anonymous_12)
FN:75,(anonymous_13)
FN:78,(anonymous_14)
FN:81,(anonymous_15)
FN:84,(anonymous_16)
FN:91,(anonymous_17)
FN:95,(anonymous_18)
FN:99,(anonymous_19)
FN:103,(anonymous_20)
FNF:21
FNH:20
FNDA:1,(anonymous_0)
FNDA:1,(anonymous_1)
FNDA:1,(anonymous_2)
FNDA:1,(anonymous_3)
FNDA:1,(anonymous_4)
FNDA:1,(anonymous_5)
FNDA:1,(anonymous_6)
FNDA:1,(anonymous_7)
FNDA:1,(anonymous_8)
FNDA:1,(anonymous_9)
FNDA:1,(anonymous_10)
FNDA:1,(anonymous_11)
FNDA:1,(anonymous_12)
FNDA:1,(anonymous_13)
FNDA:1,(anonymous_14)
FNDA:1,(anonymous_15)
FNDA:0,(anonymous_16)
FNDA:1,(anonymous_17)
FNDA:1,(anonymous_18)
FNDA:1,(anonymous_19)
FNDA:1,(anonymous_20)
DA:20,1
DA:23,1
DA:27,1
DA:31,1
DA:35,1
DA:39,1
DA:43,1
DA:47,1
DA:51,1
DA:55,1
DA:59,1
DA:63,1
DA:67,1
DA:71,1
DA:73,1
DA:76,1
DA:79,1
DA:82,1
DA:85,0
DA:89,1
DA:92,1
DA:96,1
DA:100,1
DA:104,1
LF:24
LH:23
BRF:0
BRH:0
end_of_record
TN:
SF:src/api/tags.ts
FN:8,(anonymous_0)
FN:12,(anonymous_1)
FN:16,(anonymous_2)
FN:20,(anonymous_3)
FNF:4
FNH:4
FNDA:1,(anonymous_0)
FNDA:1,(anonymous_1)
FNDA:1,(anonymous_2)
FNDA:1,(anonymous_3)
DA:6,1
DA:9,1
DA:13,1
DA:17,1
DA:21,1
LF:5
LH:5
BRF:0
BRH:0
end_of_record
TN:
SF:src/api/threats.ts
FN:25,(anonymous_0)
FN:29,(anonymous_1)
FN:33,(anonymous_2)
FN:37,(anonymous_3)
FN:41,(anonymous_4)
FN:45,(anonymous_5)
FN:52,(anonymous_6)
FN:59,(anonymous_7)
FN:63,(anonymous_8)
FN:70,(anonymous_9)
FNF:10
FNH:10
FNDA:1,(anonymous_0)
FNDA:1,(anonymous_1)
FNDA:1,(anonymous_2)
FNDA:1,(anonymous_3)
FNDA:1,(anonymous_4)
FNDA:1,(anonymous_5)
FNDA:1,(anonymous_6)
FNDA:1,(anonymous_7)
FNDA:1,(anonymous_8)
FNDA:1,(anonymous_9)
DA:23,1
DA:26,1
DA:30,1
DA:34,1
DA:38,1
DA:42,1
DA:46,1
DA:53,1
DA:60,1
DA:64,1
DA:71,1
LF:11
LH:11
BRF:0
BRH:0
end_of_record
TN:
SF:src/components/DevMockPanel.vue
FN:25,loadStats
FN:32,triggerScenario
FN:43,resetAll
FN:54,switchToken
FN:59,copyToken
FN:62,(anonymous_5)
FN:65,onOpen
FN:76,(anonymous_7)
FN:83,(anonymous_8)
FN:91,(anonymous_9)
FN:103,(anonymous_10)
FN:104,(anonymous_11)
FN:121,(anonymous_12)
FN:122,(anonymous_13)
FN:136,(anonymous_14)
FN:140,(anonymous_15)
FN:158,(anonymous_16)
FN:179,(anonymous_17)
FNF:18
FNH:13
FNDA:8,loadStats
FNDA:2,triggerScenario
FNDA:2,resetAll
FNDA:1,switchToken
FNDA:2,copyToken
FNDA:1,(anonymous_5)
FNDA:2,onOpen
FNDA:17,(anonymous_7)
FNDA:0,(anonymous_8)
FNDA:6,(anonymous_9)
FNDA:12,(anonymous_10)
FNDA:0,(anonymous_11)
FNDA:16,(anonymous_12)
FNDA:0,(anonymous_13)
FNDA:12,(anonymous_14)
FNDA:0,(anonymous_15)
FNDA:0,(anonymous_16)
FNDA:1,(anonymous_17)
DA:9,13
DA:10,13
DA:11,13
DA:12,13
DA:13,13
DA:14,13
DA:18,13
DA:26,8
DA:27,8
DA:28,7
DA:33,2
DA:34,2
DA:35,2
DA:36,2
DA:37,2
DA:39,2
DA:44,2
DA:45,2
DA:46,2
DA:47,2
DA:48,2
DA:50,2
DA:55,1
DA:56,1
DA:60,2
DA:61,2
DA:62,2
DA:66,2
DA:67,2
DA:73,2
DA:78,2
DA:79,2
DA:83,0
DA:88,2
DA:91,6
DA:93,2
DA:94,2
DA:101,2
DA:102,12
DA:104,0
DA:111,2
DA:119,2
DA:120,16
DA:122,0
DA:126,2
DA:127,2
DA:135,2
DA:136,12
DA:137,2
DA:138,2
DA:140,0
DA:148,2
DA:156,2
DA:158,0
DA:174,17
DA:179,1
LF:56
LH:51
BRDA:76,0,0,4
BRDA:80,1,0,4
BRDA:80,1,1,2
BRDA:83,2,0,4
BRDA:83,2,1,2
BRDA:90,3,0,2
BRDA:114,4,0,4
BRDA:114,4,1,2
BRDA:106,5,0,0
BRDA:106,5,1,12
BRDA:130,6,0,4
BRDA:130,6,1,2
BRDA:151,7,0,4
BRDA:151,7,1,2
BRDA:144,8,0,0
BRDA:144,8,1,12
BRDA:162,9,0,4
BRDA:162,9,1,2
BRDA:161,10,0,4
BRDA:161,10,1,2
BRDA:158,11,0,4
BRDA:158,11,1,2
BRDA:170,12,0,0
BRDA:170,12,1,4
BRDA:179,13,0,15
BRDA:179,13,1,13
BRDA:179,14,0,0
BRDA:179,14,1,1
BRDA:183,15,0,2
BRDA:183,15,1,13
BRF:30
BRH:26
end_of_record
TN:
SF:src/components/layout/Sidebar.vue
FN:24,toggleSection
FN:33,isSectionOpen
FN:36,(anonymous_2)
FN:149,(anonymous_3)
FN:163,(anonymous_4)
FN:196,(anonymous_5)
FN:200,(anonymous_6)
FN:224,(anonymous_7)
FN:231,(anonymous_8)
FNF:9
FNH:7
FNDA:0,toggleSection
FNDA:216,isSectionOpen
FNDA:11088,(anonymous_2)
FNDA:1638,(anonymous_3)
FNDA:9,(anonymous_4)
FNDA:108,(anonymous_5)
FNDA:0,(anonymous_6)
FNDA:684,(anonymous_7)
FNDA:684,(anonymous_8)
DA:19,9
DA:22,9
DA:25,0
DA:26,0
DA:28,0
DA:34,216
DA:36,11088
DA:39,9
DA:149,1638
DA:152,9
DA:163,9
DA:164,9
DA:165,9
DA:167,9
DA:168,792
DA:169,108
DA:170,108
DA:171,684
DA:172,684
DA:175,9
DA:180,9
DA:182,2
DA:183,2
DA:184,2
DA:200,0
DA:213,2
DA:221,2
DA:223,684
DA:231,684
LF:29
LH:25
BRDA:25,0,0,0
BRDA:25,0,1,0
BRDA:34,1,0,90
BRDA:34,1,1,126
BRDA:36,2,0,11088
BRDA:36,2,1,9576
BRDA:36,2,2,954
BRDA:149,3,0,1638
BRDA:149,3,1,1629
BRDA:168,4,0,108
BRDA:168,4,1,684
BRDA:171,5,0,684
BRDA:171,5,1,0
BRDA:187,6,0,9
BRDA:187,6,1,9
BRDA:199,7,0,108
BRDA:199,7,1,0
BRDA:204,8,0,108
BRDA:204,8,1,45
BRDA:227,9,0,9
BRDA:227,9,1,675
BRDA:220,10,0,108
BRDA:220,10,1,0
BRDA:238,11,0,9
BRDA:238,11,1,9
BRF:25
BRH:20
end_of_record
TN:
SF:src/components/layout/Topbar.vue
FN:18,loadAlerts
FN:31,toggleAlerts
FN:44,(anonymous_2)
FN:46,(anonymous_3)
FN:51,(anonymous_4)
FN:52,(anonymous_5)
FN:56,switchToken
FN:62,logout
FN:73,(anonymous_8)
FN:94,(anonymous_9)
FN:106,(anonymous_10)
FN:107,(anonymous_11)
FN:119,(anonymous_12)
FN:125,(anonymous_13)
FN:131,(anonymous_14)
FN:145,(anonymous_15)
FN:150,(anonymous_16)
FN:152,(anonymous_17)
FN:172,(anonymous_18)
FNF:19
FNH:15
FNDA:12,loadAlerts
FNDA:2,toggleAlerts
FNDA:10,(anonymous_2)
FNDA:10,(anonymous_3)
FNDA:11,(anonymous_4)
FNDA:32,(anonymous_5)
FNDA:1,switchToken
FNDA:1,logout
FNDA:22,(anonymous_8)
FNDA:0,(anonymous_9)
FNDA:1,(anonymous_10)
FNDA:0,(anonymous_11)
FNDA:1,(anonymous_12)
FNDA:0,(anonymous_13)
FNDA:3,(anonymous_14)
FNDA:2,(anonymous_15)
FNDA:9,(anonymous_16)
FNDA:1,(anonymous_17)
FNDA:0,(anonymous_18)
DA:9,10
DA:10,10
DA:11,10
DA:12,10
DA:13,10
DA:14,10
DA:15,10
DA:16,10
DA:19,12
DA:20,12
DA:21,12
DA:22,12
DA:23,12
DA:25,0
DA:29,10
DA:32,2
DA:33,2
DA:36,10
DA:44,10
DA:45,10
DA:46,10
DA:47,10
DA:51,10
DA:52,32
DA:53,11
DA:57,1
DA:58,1
DA:59,1
DA:63,1
DA:64,1
DA:69,2
DA:80,2
DA:92,2
DA:94,0
DA:105,1
DA:107,0
DA:111,2
DA:112,2
DA:113,2
DA:115,2
DA:118,2
DA:119,1
DA:125,0
DA:129,2
DA:131,3
DA:135,2
DA:138,2
DA:147,2
DA:149,9
DA:152,1
DA:172,0
LF:51
LH:46
BRDA:23,0,0,12
BRDA:23,0,1,0
BRDA:33,1,0,2
BRDA:33,1,1,0
BRDA:53,2,0,11
BRDA:53,2,1,10
BRDA:77,3,0,22
BRDA:77,3,1,10
BRDA:73,4,0,22
BRDA:73,4,1,10
BRDA:75,5,0,22
BRDA:75,5,1,0
BRDA:83,6,0,11
BRDA:83,6,1,11
BRDA:84,7,0,0
BRDA:84,7,1,11
BRDA:89,8,0,2
BRDA:97,9,0,2
BRDA:97,9,1,2
BRDA:94,10,0,2
BRDA:94,10,1,2
BRDA:98,11,0,0
BRDA:98,11,1,2
BRDA:100,12,0,1
BRDA:100,12,1,1
BRDA:107,13,0,1
BRDA:107,13,1,1
BRDA:110,14,0,1
BRDA:110,14,1,0
BRDA:119,15,0,2
BRDA:119,15,1,2
BRDA:125,16,0,2
BRDA:125,16,1,20
BRDA:125,17,0,2
BRDA:125,17,1,2
BRDA:131,18,0,22
BRDA:131,18,1,10
BRDA:143,19,0,3
BRDA:145,20,0,3
BRDA:145,20,1,3
BRDA:159,21,0,3
BRDA:159,21,1,3
BRDA:154,22,0,0
BRDA:154,22,1,9
BRDA:157,23,0,0
BRDA:157,23,1,9
BRDA:164,24,0,3
BRDA:164,24,1,3
BRDA:172,25,0,3
BRDA:172,25,1,19
BRDA:172,26,0,3
BRDA:172,26,1,3
BRF:52
BRH:44
end_of_record
TN:
SF:src/components/shared/EmptyState.vue
FNF:0
FNH:0
DA:15,39
DA:16,39
DA:17,39
DA:18,39
LF:4
LH:4
BRF:0
BRH:0
end_of_record
TN:
SF:src/components/shared/LoadingSkeleton.vue
FN:8,(anonymous_0)
FNF:1
FNH:1
FNDA:23,(anonymous_0)
DA:7,60
DA:8,23
LF:2
LH:2
BRDA:8,0,0,23
BRDA:8,0,1,4
BRF:2
BRH:2
end_of_record
TN:
SF:src/components/shared/OsIcon.vue
FNF:0
FNH:0
DA:3,6
DA:4,6
DA:8,6
LF:3
LH:3
BRDA:8,0,0,6
BRDA:8,0,1,1
BRF:2
BRH:2
end_of_record
TN:
SF:src/components/shared/StatusBadge.vue
FN:57,(anonymous_0)
FNF:1
FNH:1
FNDA:10,(anonymous_0)
DA:5,10
DA:10,10
DA:16,10
DA:28,10
DA:39,10
DA:50,10
DA:57,10
DA:58,10
DA:59,10
DA:64,10
LF:10
LH:10
BRDA:58,0,0,10
BRDA:58,0,1,0
BRDA:58,1,0,10
BRDA:58,1,1,4
BRDA:59,2,0,10
BRDA:59,2,1,1
BRF:6
BRH:5
end_of_record
TN:
SF:src/stores/agents.ts
FN:24,cleanFilters
FN:26,(anonymous_1)
FN:35,(anonymous_2)
FN:50,fetchList
FN:70,performAction
FN:71,(anonymous_5)
FN:78,toggleSelect
FN:79,(anonymous_7)
FN:85,isSelected
FN:86,(anonymous_9)
FN:90,clearSelection
FN:94,(anonymous_11)
FNF:12
FNH:11
FNDA:12,cleanFilters
FNDA:60,(anonymous_1)
FNDA:18,(anonymous_2)
FNDA:12,fetchList
FNDA:3,performAction
FNDA:3,(anonymous_5)
FNDA:8,toggleSelect
FNDA:2,(anonymous_7)
FNDA:2,isSelected
FNDA:1,(anonymous_9)
FNDA:1,clearSelection
FNDA:0,(anonymous_11)
DA:15,1
DA:25,12
DA:26,60
DA:35,1
DA:36,18
DA:37,18
DA:38,18
DA:39,18
DA:40,18
DA:41,18
DA:43,18
DA:51,12
DA:52,12
DA:53,12
DA:54,12
DA:55,12
DA:56,11
DA:57,12
DA:58,12
DA:60,12
DA:71,3
DA:72,3
DA:73,3
DA:74,3
DA:79,8
DA:80,8
DA:81,1
DA:86,2
DA:91,1
DA:94,18
DA:96,18
LF:31
LH:31
BRDA:50,0,0,12
BRDA:54,1,0,1
BRDA:54,1,1,11
BRDA:54,2,0,12
BRDA:54,2,1,1
BRDA:56,3,0,10
BRDA:56,3,1,1
BRDA:57,4,0,12
BRDA:57,4,1,1
BRDA:58,5,0,12
BRDA:58,5,1,0
BRDA:70,6,0,3
BRDA:71,7,0,3
BRDA:71,7,1,3
BRDA:80,8,0,7
BRDA:80,8,1,1
BRF:16
BRH:15
end_of_record
TN:
SF:src/stores/auth.ts
FN:19,(anonymous_0)
FN:31,login
FN:38,(anonymous_2)
FN:43,logout
FN:50,isLoggedIn
FNF:5
FNH:5
FNDA:22,(anonymous_0)
FNDA:9,login
FNDA:6,(anonymous_2)
FNDA:4,logout
FNDA:3,isLoggedIn
DA:7,3
DA:19,3
DA:20,22
DA:21,22
DA:32,9
DA:33,9
DA:34,9
DA:35,9
DA:36,6
DA:38,6
DA:44,4
DA:45,4
DA:46,4
DA:51,3
DA:54,22
LF:15
LH:15
BRDA:20,0,0,22
BRDA:20,0,1,21
BRDA:38,1,0,3
BRDA:38,1,1,1
BRF:4
BRH:4
end_of_record
TN:
SF:src/stores/dashboard.ts
FN:35,(anonymous_0)
FN:56,fetchAll
FN:72,(anonymous_2)
FN:74,(anonymous_3)
FN:75,(anonymous_4)
FN:79,(anonymous_5)
FN:80,(anonymous_6)
FN:81,(anonymous_7)
FN:85,(anonymous_8)
FN:86,(anonymous_9)
FN:87,(anonymous_10)
FNF:11
FNH:11
FNDA:14,(anonymous_0)
FNDA:12,fetchAll
FNDA:22,(anonymous_2)
FNDA:44,(anonymous_3)
FNDA:44,(anonymous_4)
FNDA:44,(anonymous_5)
FNDA:44,(anonymous_6)
FNDA:44,(anonymous_7)
FNDA:44,(anonymous_8)
FNDA:44,(anonymous_9)
FNDA:44,(anonymous_10)
DA:35,1
DA:36,14
DA:43,14
DA:44,14
DA:45,14
DA:46,14
DA:47,14
DA:48,14
DA:57,12
DA:58,12
DA:59,12
DA:60,12
DA:67,11
DA:68,11
DA:70,11
DA:72,22
DA:74,44
DA:75,44
DA:78,11
DA:79,44
DA:80,44
DA:81,44
DA:84,11
DA:85,44
DA:86,44
DA:87,44
DA:90,11
DA:91,11
DA:93,1
DA:95,12
DA:99,14
LF:31
LH:31
BRDA:93,0,0,1
BRDA:93,0,1,0
BRF:2
BRH:1
end_of_record
TN:
SF:src/stores/graph.ts
FN:24,(anonymous_0)
FN:38,fetchUsers
FN:50,fetchDevices
FN:62,fetchAlerts
FN:74,fetchIncidents
FN:86,fetchGroups
FN:100,(anonymous_6)
FN:102,(anonymous_7)
FN:107,(anonymous_8)
FN:113,(anonymous_9)
FNF:10
FNH:0
FNDA:0,(anonymous_0)
FNDA:0,fetchUsers
FNDA:0,fetchDevices
FNDA:0,fetchAlerts
FNDA:0,fetchIncidents
FNDA:0,fetchGroups
FNDA:0,(anonymous_6)
FNDA:0,(anonymous_7)
FNDA:0,(anonymous_8)
FNDA:0,(anonymous_9)
DA:24,0
DA:27,0
DA:28,0
DA:29,0
DA:30,0
DA:31,0
DA:32,0
DA:33,0
DA:39,0
DA:40,0
DA:41,0
DA:42,0
DA:43,0
DA:45,0
DA:51,0
DA:52,0
DA:53,0
DA:54,0
DA:55,0
DA:57,0
DA:63,0
DA:64,0
DA:65,0
DA:66,0
DA:67,0
DA:69,0
DA:75,0
DA:76,0
DA:77,0
DA:78,0
DA:79,0
DA:81,0
DA:87,0
DA:88,0
DA:89,0
DA:90,0
DA:91,0
DA:93,0
DA:100,0
DA:101,0
DA:102,0
DA:103,0
DA:107,0
DA:109,0
DA:113,0
DA:114,0
DA:115,0
DA:116,0
DA:117,0
DA:118,0
DA:120,0
DA:123,0
LF:52
LH:0
BRDA:101,0,0,0
BRDA:101,0,1,0
BRDA:116,1,0,0
BRDA:116,1,1,0
BRDA:117,2,0,0
BRDA:117,2,1,0
BRF:6
BRH:0
end_of_record
TN:
SF:src/stores/threats.ts
FN:26,cleanFilters
FN:28,(anonymous_1)
FN:37,(anonymous_2)
FN:52,fetchList
FN:72,performAction
FN:73,(anonymous_5)
FN:80,toggleSelect
FN:81,(anonymous_7)
FN:86,(anonymous_8)
FNF:9
FNH:8
FNDA:12,cleanFilters
FNDA:72,(anonymous_1)
FNDA:16,(anonymous_2)
FNDA:12,fetchList
FNDA:3,performAction
FNDA:3,(anonymous_5)
FNDA:7,toggleSelect
FNDA:1,(anonymous_7)
FNDA:0,(anonymous_8)
DA:16,1
DA:27,12
DA:28,72
DA:37,1
DA:38,16
DA:39,16
DA:40,16
DA:41,16
DA:42,16
DA:43,16
DA:45,16
DA:53,12
DA:54,12
DA:55,12
DA:56,12
DA:57,12
DA:58,11
DA:59,12
DA:60,12
DA:62,12
DA:73,3
DA:74,3
DA:75,3
DA:76,3
DA:81,7
DA:82,7
DA:83,1
DA:86,16
DA:88,16
LF:29
LH:29
BRDA:52,0,0,12
BRDA:56,1,0,1
BRDA:56,1,1,11
BRDA:56,2,0,12
BRDA:56,2,1,1
BRDA:58,3,0,10
BRDA:58,3,1,1
BRDA:59,4,0,12
BRDA:59,4,1,1
BRDA:60,5,0,12
BRDA:60,5,1,0
BRDA:72,6,0,3
BRDA:73,7,0,3
BRDA:73,7,1,3
BRDA:82,8,0,6
BRDA:82,8,1,1
BRF:16
BRH:15
end_of_record
TN:
SF:src/views/AccountsView.vue
FN:13,fetchList
FN:41,openCreate
FN:50,openEdit
FN:59,closeModal
FN:65,saveModal
FN:127,(anonymous_5)
FN:146,(anonymous_6)
FN:173,(anonymous_7)
FN:180,(anonymous_8)
FN:184,(anonymous_9)
FNF:10
FNH:10
FNDA:51,fetchList
FNDA:21,openCreate
FNDA:8,openEdit
FNDA:13,closeModal
FNDA:11,saveModal
FNDA:175,(anonymous_5)
FNDA:1,(anonymous_6)
FNDA:1,(anonymous_7)
FNDA:1,(anonymous_8)
FNDA:1,(anonymous_9)
DA:9,44
DA:10,44
DA:11,44
DA:14,51
DA:15,51
DA:16,51
DA:17,51
DA:18,51
DA:20,51
DA:24,44
DA:30,44
DA:31,44
DA:32,44
DA:33,44
DA:35,44
DA:42,21
DA:43,21
DA:44,21
DA:45,21
DA:46,21
DA:47,21
DA:51,8
DA:52,8
DA:53,8
DA:54,8
DA:55,8
DA:56,8
DA:60,13
DA:61,13
DA:62,13
DA:66,11
DA:67,11
DA:68,9
DA:69,9
DA:70,9
DA:74,9
DA:76,9
DA:77,7
DA:78,2
DA:79,1
DA:81,7
DA:82,7
DA:84,2
DA:86,9
DA:90,44
DA:98,139
DA:99,1
DA:102,1
DA:109,1
DA:126,175
DA:130,1
DA:131,1
DA:132,1
DA:134,1
DA:139,1
DA:140,1
DA:141,1
DA:142,1
DA:143,1
DA:144,1
DA:146,1
DA:164,1
DA:165,1
DA:166,1
DA:170,1
DA:173,1
DA:177,1
DA:184,1
DA:190,1
LF:69
LH:69
BRDA:18,0,0,51
BRDA:18,0,1,1
BRDA:56,1,0,8
BRDA:56,1,1,7
BRDA:67,2,0,2
BRDA:67,2,1,9
BRDA:74,3,0,1
BRDA:74,3,1,8
BRDA:76,4,0,7
BRDA:76,4,1,2
BRDA:78,5,0,1
BRDA:78,5,1,1
BRDA:78,6,0,2
BRDA:78,6,1,2
BRDA:103,7,0,139
BRDA:103,7,1,44
BRDA:105,8,0,139
BRDA:105,8,1,44
BRDA:110,9,0,51
BRDA:110,9,1,88
BRDA:110,10,0,0
BRDA:110,10,1,88
BRDA:155,11,0,88
BRDA:155,11,1,44
BRDA:135,12,0,175
BRDA:135,12,1,0
BRDA:160,13,0,33
BRDA:166,14,0,25
BRDA:166,14,1,8
BRDA:174,15,0,33
BRDA:174,15,1,28
BRDA:173,16,0,33
BRDA:173,16,1,28
BRDA:181,17,0,33
BRDA:181,17,1,28
BRDA:180,18,0,33
BRDA:180,18,1,28
BRDA:185,19,0,33
BRDA:185,19,1,28
BRDA:184,20,0,33
BRDA:184,20,1,28
BRDA:188,21,0,4
BRDA:188,21,1,29
BRDA:193,22,0,8
BRDA:193,22,1,25
BRF:45
BRH:43
end_of_record
TN:
SF:src/views/ActivitiesView.vue
FN:13,fetchList
FN:28,(anonymous_1)
FN:39,typeColor
FN:57,(anonymous_3)
FN:78,(anonymous_4)
FNF:5
FNH:4
FNDA:8,fetchList
FNDA:8,(anonymous_1)
FNDA:32,typeColor
FNDA:16,(anonymous_3)
FNDA:0,(anonymous_4)
DA:8,8
DA:9,8
DA:10,8
DA:11,8
DA:14,8
DA:15,8
DA:16,8
DA:17,8
DA:18,8
DA:19,8
DA:20,8
DA:21,8
DA:22,8
DA:24,8
DA:28,8
DA:30,8
DA:40,32
DA:45,24
DA:48,1
DA:51,1
DA:56,16
DA:60,1
DA:63,1
DA:64,1
DA:65,1
DA:70,1
DA:71,1
DA:78,0
LF:28
LH:27
BRDA:13,0,0,8
BRDA:14,1,0,8
BRDA:14,1,1,0
BRDA:18,2,0,0
BRDA:18,2,1,8
BRDA:20,3,0,8
BRDA:20,3,1,0
BRDA:21,4,0,8
BRDA:21,4,1,0
BRDA:22,5,0,8
BRDA:22,5,1,7
BRDA:40,6,0,32
BRDA:40,6,1,0
BRDA:49,7,0,24
BRDA:49,7,1,8
BRDA:52,8,0,16
BRDA:52,8,1,8
BRDA:52,9,0,24
BRDA:52,9,1,16
BRDA:52,10,0,0
BRDA:52,10,1,8
BRDA:66,11,0,16
BRDA:66,11,1,0
BRDA:67,12,0,16
BRDA:67,12,1,0
BRDA:77,13,0,1
BRDA:77,13,1,23
BRDA:78,14,0,1
BRDA:78,14,1,1
BRF:29
BRH:21
end_of_record
TN:
SF:src/views/AlertsView.vue
FN:22,fetchList
FN:40,(anonymous_1)
FN:42,(anonymous_2)
FN:68,(anonymous_3)
FN:72,(anonymous_4)
FN:69,(anonymous_5)
FN:71,(anonymous_6)
FN:76,(anonymous_7)
FN:73,(anonymous_8)
FN:75,(anonymous_9)
FN:96,(anonymous_10)
FN:121,(anonymous_11)
FNF:12
FNH:11
FNDA:30,fetchList
FNDA:1,(anonymous_1)
FNDA:20,(anonymous_2)
FNDA:0,(anonymous_3)
FNDA:1,(anonymous_4)
FNDA:1,(anonymous_5)
FNDA:390,(anonymous_6)
FNDA:1,(anonymous_7)
FNDA:1,(anonymous_8)
FNDA:234,(anonymous_9)
FNDA:66,(anonymous_10)
FNDA:1,(anonymous_11)
DA:10,20
DA:11,20
DA:12,20
DA:13,20
DA:14,20
DA:15,20
DA:16,20
DA:17,20
DA:19,20
DA:20,20
DA:23,30
DA:24,30
DA:25,30
DA:26,30
DA:27,30
DA:28,30
DA:29,30
DA:30,30
DA:31,30
DA:32,30
DA:33,30
DA:34,30
DA:36,30
DA:40,20
DA:42,20
DA:44,20
DA:54,78
DA:55,1
DA:58,1
DA:63,1
DA:65,0
DA:69,1
DA:71,390
DA:73,1
DA:75,234
DA:80,1
DA:95,66
DA:99,1
DA:104,1
DA:105,1
DA:106,1
DA:108,1
DA:109,1
DA:110,1
DA:112,1
DA:115,1
DA:121,1
LF:47
LH:46
BRDA:22,0,0,30
BRDA:23,1,0,27
BRDA:23,1,1,3
BRDA:27,2,0,2
BRDA:27,2,1,28
BRDA:28,3,0,2
BRDA:28,3,1,28
BRDA:29,4,0,1
BRDA:29,4,1,29
BRDA:30,5,0,1
BRDA:30,5,1,29
BRDA:32,6,0,27
BRDA:32,6,1,3
BRDA:59,7,0,78
BRDA:59,7,1,20
BRDA:68,8,0,78
BRDA:68,8,1,20
BRDA:72,9,0,78
BRDA:72,9,1,20
BRDA:69,10,0,78
BRDA:69,10,1,20
BRDA:70,11,0,78
BRDA:70,11,1,20
BRDA:76,12,0,78
BRDA:76,12,1,20
BRDA:73,13,0,78
BRDA:73,13,1,20
BRDA:74,14,0,78
BRDA:74,14,1,20
BRDA:81,15,0,46
BRDA:81,15,1,32
BRDA:81,16,0,78
BRDA:81,16,1,49
BRDA:81,17,0,0
BRDA:81,17,1,32
BRDA:118,18,0,32
BRDA:118,18,1,20
BRDA:100,19,0,66
BRDA:100,19,1,0
BRDA:120,20,0,5
BRDA:120,20,1,73
BRDA:121,21,0,5
BRDA:121,21,1,3
BRF:43
BRH:41
end_of_record
TN:
SF:src/views/BlocklistView.vue
FN:19,fetchList
FN:33,onQuery
FN:38,addEntry
FN:56,deleteEntry
FN:60,(anonymous_4)
FN:68,(anonymous_5)
FN:79,(anonymous_6)
FN:90,(anonymous_7)
FN:96,(anonymous_8)
FN:104,(anonymous_9)
FN:108,(anonymous_10)
FN:112,(anonymous_11)
FN:121,(anonymous_12)
FN:140,(anonymous_13)
FN:149,(anonymous_14)
FNF:15
FNH:13
FNDA:19,fetchList
FNDA:2,onQuery
FNDA:3,addEntry
FNDA:3,deleteEntry
FNDA:2,(anonymous_4)
FNDA:0,(anonymous_5)
FNDA:1,(anonymous_6)
FNDA:1,(anonymous_7)
FNDA:1,(anonymous_8)
FNDA:0,(anonymous_9)
FNDA:1,(anonymous_10)
FNDA:1,(anonymous_11)
FNDA:1,(anonymous_12)
FNDA:30,(anonymous_13)
FNDA:1,(anonymous_14)
DA:9,15
DA:10,15
DA:11,15
DA:12,15
DA:13,15
DA:14,15
DA:16,15
DA:17,15
DA:20,19
DA:21,19
DA:22,19
DA:23,19
DA:24,19
DA:25,19
DA:26,19
DA:28,19
DA:34,2
DA:35,2
DA:39,3
DA:40,2
DA:41,2
DA:42,2
DA:48,2
DA:49,2
DA:50,2
DA:52,2
DA:57,3
DA:58,3
DA:59,3
DA:60,2
DA:61,2
DA:63,1
DA:67,15
DA:68,15
DA:72,51
DA:74,1
DA:77,1
DA:79,1
DA:87,1
DA:88,1
DA:90,1
DA:94,1
DA:100,0
DA:106,1
DA:108,1
DA:111,1
DA:112,1
DA:120,1
DA:121,1
DA:124,1
DA:139,30
DA:143,1
DA:144,1
DA:145,1
DA:146,1
DA:147,1
DA:148,1
DA:149,1
LF:58
LH:57
BRDA:23,0,0,1
BRDA:23,0,1,18
BRDA:26,1,0,19
BRDA:26,1,1,0
BRDA:39,2,0,1
BRDA:39,2,1,2
BRDA:63,3,0,1
BRDA:63,3,1,0
BRDA:73,4,0,1
BRDA:73,4,1,50
BRDA:78,5,0,51
BRDA:78,5,1,15
BRDA:79,6,0,51
BRDA:79,6,1,15
BRDA:80,7,0,51
BRDA:80,7,1,15
BRDA:85,8,0,9
BRDA:117,9,0,9
BRDA:117,9,1,6
BRDA:91,10,0,9
BRDA:91,10,1,6
BRDA:90,11,0,9
BRDA:90,11,1,6
BRDA:97,12,0,9
BRDA:97,12,1,6
BRDA:96,13,0,9
BRDA:96,13,1,6
BRDA:105,14,0,9
BRDA:105,14,1,6
BRDA:104,15,0,9
BRDA:104,15,1,6
BRDA:109,16,0,9
BRDA:109,16,1,6
BRDA:108,17,0,9
BRDA:108,17,1,6
BRDA:112,18,0,9
BRDA:112,18,1,6
BRDA:113,19,0,9
BRDA:113,19,1,8
BRDA:114,20,0,1
BRDA:114,20,1,8
BRDA:121,21,0,51
BRDA:121,21,1,15
BRDA:125,22,0,19
BRDA:125,22,1,32
BRDA:125,23,0,2
BRDA:125,23,1,30
BRDA:155,24,0,30
BRDA:155,24,1,15
BRDA:145,25,0,30
BRDA:145,25,1,0
BRDA:146,26,0,30
BRDA:146,26,1,0
BRF:53
BRH:49
end_of_record
TN:
SF:src/views/DashboardView.vue
FN:20,(anonymous_0)
FN:27,(anonymous_1)
FN:36,(anonymous_2)
FN:51,(anonymous_3)
FN:53,(anonymous_4)
FN:56,(anonymous_5)
FN:67,(anonymous_6)
FN:77,(anonymous_7)
FN:139,(anonymous_8)
FN:145,(anonymous_9)
FN:147,(anonymous_10)
FN:171,(anonymous_11)
FN:176,(anonymous_12)
FNF:13
FNH:9
FNDA:7,(anonymous_0)
FNDA:7,(anonymous_1)
FNDA:7,(anonymous_2)
FNDA:7,(anonymous_3)
FNDA:0,(anonymous_4)
FNDA:0,(anonymous_5)
FNDA:0,(anonymous_6)
FNDA:28,(anonymous_7)
FNDA:7,(anonymous_8)
FNDA:7,(anonymous_9)
FNDA:0,(anonymous_10)
FNDA:7,(anonymous_11)
FNDA:7,(anonymous_12)
DA:14,7
DA:16,7
DA:17,7
DA:20,7
DA:27,7
DA:36,7
DA:45,7
DA:51,7
DA:52,7
DA:53,7
DA:56,7
DA:60,7
DA:62,1
DA:67,0
DA:76,1
DA:77,28
DA:78,1
DA:80,1
DA:81,1
DA:91,1
DA:93,1
DA:95,1
DA:101,1
DA:103,1
DA:109,1
DA:111,1
DA:112,1
DA:114,1
DA:116,1
DA:118,1
DA:120,1
DA:126,1
DA:134,1
DA:136,1
DA:137,1
DA:139,7
DA:144,7
DA:147,0
DA:149,1
DA:150,1
DA:151,1
DA:153,1
DA:156,1
DA:168,1
DA:169,1
DA:171,7
DA:175,7
DA:179,1
DA:180,1
LF:49
LH:47
BRDA:71,0,0,7
BRDA:71,0,1,7
BRDA:67,1,0,7
BRDA:67,1,1,7
BRDA:68,2,0,0
BRDA:68,2,1,7
BRDA:73,3,0,0
BRDA:73,3,1,7
BRDA:98,4,0,7
BRDA:98,4,1,7
BRDA:97,5,0,7
BRDA:97,5,1,0
BRDA:106,6,0,7
BRDA:106,6,1,7
BRDA:105,7,0,7
BRDA:105,7,1,0
BRDA:130,8,0,7
BRDA:130,8,1,7
BRDA:115,9,0,7
BRDA:115,9,1,7
BRDA:119,10,0,7
BRDA:119,10,1,7
BRDA:123,11,0,7
BRDA:123,11,1,0
BRDA:127,12,0,7
BRDA:127,12,1,0
BRDA:140,13,0,7
BRDA:140,13,1,7
BRDA:139,14,0,7
BRDA:139,14,1,7
BRDA:141,15,0,0
BRDA:141,15,1,7
BRDA:162,16,0,0
BRDA:162,16,1,7
BRDA:162,17,0,7
BRDA:162,17,1,7
BRDA:172,18,0,7
BRDA:172,18,1,7
BRDA:171,19,0,7
BRDA:171,19,1,7
BRDA:173,20,0,0
BRDA:173,20,1,7
BRF:42
BRH:33
end_of_record
TN:
SF:src/views/DeepVisibilityView.vue
FN:19,(anonymous_0)
FN:21,runQuery
FN:37,(anonymous_2)
FN:56,cancelQuery
FN:64,loadEvents
FN:96,(anonymous_5)
FN:100,(anonymous_6)
FN:104,(anonymous_7)
FN:151,(anonymous_8)
FN:171,(anonymous_9)
FNF:10
FNH:9
FNDA:0,(anonymous_0)
FNDA:3,runQuery
FNDA:2,(anonymous_2)
FNDA:3,cancelQuery
FNDA:5,loadEvents
FNDA:1,(anonymous_5)
FNDA:1,(anonymous_6)
FNDA:1,(anonymous_7)
FNDA:9,(anonymous_8)
FNDA:1,(anonymous_9)
DA:7,14
DA:8,14
DA:9,14
DA:10,14
DA:11,14
DA:12,14
DA:13,14
DA:14,14
DA:15,14
DA:16,14
DA:17,14
DA:19,14
DA:22,3
DA:23,2
DA:24,2
DA:25,2
DA:26,2
DA:27,2
DA:29,2
DA:34,3
DA:35,2
DA:37,2
DA:38,2
DA:39,2
DA:40,2
DA:41,2
DA:42,2
DA:43,2
DA:44,2
DA:45,2
DA:48,0
DA:49,0
DA:50,0
DA:51,0
DA:57,3
DA:58,2
DA:59,3
DA:60,3
DA:61,2
DA:65,5
DA:66,5
DA:67,5
DA:68,5
DA:69,5
DA:70,5
DA:73,14
DA:83,31
DA:90,1
DA:92,1
DA:97,1
DA:98,1
DA:100,1
DA:102,1
DA:104,1
DA:116,1
DA:120,1
DA:133,1
DA:135,1
DA:137,1
DA:138,1
DA:150,9
DA:154,1
DA:159,1
DA:162,1
DA:163,1
DA:164,1
DA:165,1
DA:171,1
LF:68
LH:64
BRDA:19,0,0,0
BRDA:19,0,1,0
BRDA:22,1,0,1
BRDA:22,1,1,2
BRDA:31,2,0,2
BRDA:31,2,1,2
BRDA:32,3,0,3
BRDA:32,3,1,2
BRDA:40,4,0,2
BRDA:40,4,1,0
BRDA:41,5,0,2
BRDA:41,5,1,0
BRDA:42,6,0,2
BRDA:42,6,1,0
BRDA:48,7,0,0
BRDA:48,7,1,0
BRDA:51,8,0,0
BRDA:51,8,1,0
BRDA:57,9,0,1
BRDA:57,9,1,2
BRDA:58,10,0,2
BRDA:58,10,1,2
BRDA:64,11,0,5
BRDA:66,12,0,1
BRDA:66,12,1,4
BRDA:66,13,0,5
BRDA:66,13,1,2
BRDA:68,14,0,3
BRDA:68,14,1,2
BRDA:69,15,0,5
BRDA:69,15,1,0
BRDA:179,16,0,31
BRDA:179,16,1,14
BRDA:96,17,0,31
BRDA:96,17,1,14
BRDA:101,18,0,31
BRDA:101,18,1,14
BRDA:100,19,0,31
BRDA:100,19,1,14
BRDA:105,20,0,31
BRDA:105,20,1,14
BRDA:104,21,0,31
BRDA:104,21,1,14
BRDA:106,22,0,28
BRDA:106,22,1,3
BRDA:107,23,0,28
BRDA:107,23,1,14
BRDA:110,24,0,3
BRDA:110,24,1,3
BRDA:115,25,0,3
BRDA:119,26,0,3
BRDA:119,26,1,3
BRDA:129,27,0,0
BRDA:129,27,1,31
BRDA:132,28,0,7
BRDA:132,28,1,24
BRDA:168,29,0,7
BRDA:168,29,1,5
BRDA:155,30,0,9
BRDA:155,30,1,7
BRDA:170,31,0,1
BRDA:170,31,1,6
BRDA:171,32,0,1
BRDA:171,32,1,1
BRDA:175,33,0,21
BRDA:175,33,1,3
BRDA:176,34,0,21
BRDA:176,34,1,14
BRF:68
BRH:57
end_of_record
TN:
SF:src/views/DeviceControlView.vue
FN:13,(anonymous_0)
FN:51,openCreate
FN:68,openEdit
FN:85,closeModal
FN:91,saveModal
FN:116,(anonymous_5)
FN:132,confirmDelete
FN:137,(anonymous_7)
FN:183,(anonymous_8)
FN:208,(anonymous_9)
FN:215,(anonymous_10)
FN:221,(anonymous_11)
FN:222,(anonymous_12)
FN:249,(anonymous_13)
FN:260,(anonymous_14)
FN:267,(anonymous_15)
FN:280,(anonymous_16)
FN:290,(anonymous_17)
FN:299,(anonymous_18)
FN:298,(anonymous_19)
FN:309,(anonymous_20)
FN:316,(anonymous_21)
FN:320,(anonymous_22)
FN:326,(anonymous_23)
FN:330,(anonymous_24)
FNF:25
FNH:18
FNDA:21,(anonymous_0)
FNDA:12,openCreate
FNDA:3,openEdit
FNDA:6,closeModal
FNDA:4,saveModal
FNDA:1,(anonymous_5)
FNDA:2,confirmDelete
FNDA:2,(anonymous_7)
FNDA:54,(anonymous_8)
FNDA:1,(anonymous_9)
FNDA:1,(anonymous_10)
FNDA:1,(anonymous_11)
FNDA:1,(anonymous_12)
FNDA:0,(anonymous_13)
FNDA:0,(anonymous_14)
FNDA:0,(anonymous_15)
FNDA:0,(anonymous_16)
FNDA:0,(anonymous_17)
FNDA:0,(anonymous_18)
FNDA:152,(anonymous_19)
FNDA:0,(anonymous_20)
FNDA:1,(anonymous_21)
FNDA:1,(anonymous_22)
FNDA:1,(anonymous_23)
FNDA:1,(anonymous_24)
DA:9,21
DA:10,21
DA:11,21
DA:13,21
DA:14,21
DA:15,21
DA:16,21
DA:17,21
DA:19,21
DA:27,21
DA:28,21
DA:29,21
DA:30,21
DA:32,21
DA:37,21
DA:52,12
DA:53,12
DA:54,12
DA:55,12
DA:56,12
DA:57,12
DA:58,12
DA:59,12
DA:60,12
DA:61,12
DA:62,12
DA:63,12
DA:64,12
DA:65,12
DA:69,3
DA:70,3
DA:71,3
DA:72,3
DA:73,3
DA:74,3
DA:75,3
DA:76,3
DA:77,3
DA:78,3
DA:79,3
DA:80,3
DA:81,3
DA:82,3
DA:86,6
DA:87,6
DA:88,6
DA:92,4
DA:93,4
DA:94,3
DA:95,3
DA:96,3
DA:110,4
DA:111,2
DA:112,2
DA:113,2
DA:114,1
DA:115,1
DA:116,1
DA:117,1
DA:119,3
DA:121,0
DA:123,3
DA:129,21
DA:130,21
DA:133,2
DA:134,2
DA:135,2
DA:136,2
DA:137,2
DA:138,2
DA:140,2
DA:146,21
DA:154,75
DA:155,1
DA:158,1
DA:165,1
DA:182,54
DA:186,1
DA:187,1
DA:188,1
DA:190,1
DA:191,1
DA:192,1
DA:197,1
DA:198,1
DA:199,1
DA:204,1
DA:205,1
DA:208,1
DA:215,1
DA:221,1
DA:222,1
DA:239,1
DA:240,1
DA:241,1
DA:245,1
DA:249,0
DA:253,1
DA:256,0
DA:264,0
DA:272,1
DA:275,0
DA:284,0
DA:297,0
DA:298,152
DA:305,0
DA:313,1
DA:316,1
DA:320,1
DA:323,1
DA:326,1
DA:330,1
DA:337,1
LF:113
LH:105
BRDA:17,0,0,21
BRDA:17,0,1,0
BRDA:78,1,0,3
BRDA:78,1,1,0
BRDA:79,2,0,3
BRDA:79,2,1,3
BRDA:80,3,0,3
BRDA:80,3,1,3
BRDA:81,4,0,3
BRDA:81,4,1,3
BRDA:82,5,0,3
BRDA:82,5,1,3
BRDA:93,6,0,1
BRDA:93,6,1,3
BRDA:104,7,0,3
BRDA:104,7,1,3
BRDA:105,8,0,4
BRDA:105,8,1,3
BRDA:106,9,0,4
BRDA:106,9,1,3
BRDA:107,10,0,4
BRDA:107,10,1,3
BRDA:110,11,0,2
BRDA:110,11,1,1
BRDA:114,12,0,1
BRDA:114,12,1,0
BRDA:117,13,0,1
BRDA:117,13,1,0
BRDA:159,14,0,75
BRDA:159,14,1,21
BRDA:161,15,0,75
BRDA:161,15,1,21
BRDA:166,16,0,21
BRDA:166,16,1,54
BRDA:166,17,0,2
BRDA:166,17,1,52
BRDA:230,18,0,52
BRDA:230,18,1,21
BRDA:193,19,0,54
BRDA:193,19,1,0
BRDA:197,20,0,54
BRDA:197,20,1,0
BRDA:198,21,0,54
BRDA:198,21,1,54
BRDA:200,22,0,54
BRDA:200,22,1,0
BRDA:207,23,0,54
BRDA:207,23,1,0
BRDA:214,24,0,51
BRDA:214,24,1,3
BRDA:214,25,0,54
BRDA:214,25,1,51
BRDA:220,26,0,3
BRDA:222,27,0,3
BRDA:222,27,1,3
BRDA:235,28,0,19
BRDA:241,29,0,16
BRDA:241,29,1,3
BRDA:250,30,0,19
BRDA:250,30,1,14
BRDA:249,31,0,19
BRDA:249,31,1,14
BRDA:261,32,0,19
BRDA:261,32,1,14
BRDA:260,33,0,19
BRDA:260,33,1,14
BRDA:268,34,0,19
BRDA:268,34,1,14
BRDA:267,35,0,19
BRDA:267,35,1,14
BRDA:281,36,0,19
BRDA:281,36,1,14
BRDA:280,37,0,19
BRDA:280,37,1,14
BRDA:291,38,0,19
BRDA:291,38,1,14
BRDA:290,39,0,19
BRDA:290,39,1,14
BRDA:300,40,0,19
BRDA:300,40,1,14
BRDA:299,41,0,19
BRDA:299,41,1,14
BRDA:310,42,0,19
BRDA:310,42,1,14
BRDA:309,43,0,19
BRDA:309,43,1,14
BRDA:317,44,0,19
BRDA:317,44,1,14
BRDA:316,45,0,19
BRDA:316,45,1,14
BRDA:321,46,0,19
BRDA:321,46,1,14
BRDA:320,47,0,19
BRDA:320,47,1,14
BRDA:327,48,0,19
BRDA:327,48,1,14
BRDA:326,49,0,19
BRDA:326,49,1,14
BRDA:331,50,0,19
BRDA:331,50,1,14
BRDA:330,51,0,19
BRDA:330,51,1,14
BRDA:335,52,0,1
BRDA:335,52,1,18
BRDA:340,53,0,3
BRDA:340,53,1,16
BRF:106
BRH:98
end_of_record
TN:
SF:src/views/EndpointDetailView.vue
FN:29,(anonymous_0)
FN:42,loadApps
FN:52,loadProcesses
FN:62,switchTab
FN:69,doAction
FN:80,showPassphrase
FN:98,loadActionData
FN:113,doMoveToSite
FN:128,doMoveToGroup
FN:143,(anonymous_9)
FN:144,(anonymous_10)
FN:145,(anonymous_11)
FN:148,addTag
FN:164,removeTag
FN:178,(anonymous_14)
FN:179,(anonymous_15)
FN:207,(anonymous_16)
FN:230,(anonymous_17)
FN:252,(anonymous_18)
FN:275,(anonymous_19)
FN:276,(anonymous_20)
FN:298,(anonymous_21)
FN:316,(anonymous_22)
FN:342,(anonymous_23)
FN:349,(anonymous_24)
FN:378,(anonymous_25)
FN:395,(anonymous_26)
FN:408,(anonymous_27)
FN:421,(anonymous_28)
FN:423,(anonymous_29)
FN:437,(anonymous_30)
FN:451,(anonymous_31)
FN:470,(anonymous_32)
FN:471,(anonymous_33)
FN:493,(anonymous_34)
FN:492,(anonymous_35)
FN:517,(anonymous_36)
FN:516,(anonymous_37)
FN:537,(anonymous_38)
FN:541,(anonymous_39)
FN:556,(anonymous_40)
FN:553,(anonymous_41)
FNF:42
FNH:28
FNDA:35,(anonymous_0)
FNDA:3,loadApps
FNDA:3,loadProcesses
FNDA:6,switchTab
FNDA:2,doAction
FNDA:2,showPassphrase
FNDA:5,loadActionData
FNDA:3,doMoveToSite
FNDA:2,doMoveToGroup
FNDA:3,(anonymous_9)
FNDA:3,(anonymous_10)
FNDA:4,(anonymous_11)
FNDA:3,addTag
FNDA:2,removeTag
FNDA:35,(anonymous_14)
FNDA:2,(anonymous_15)
FNDA:0,(anonymous_16)
FNDA:576,(anonymous_17)
FNDA:47,(anonymous_18)
FNDA:336,(anonymous_19)
FNDA:0,(anonymous_20)
FNDA:222,(anonymous_21)
FNDA:518,(anonymous_22)
FNDA:0,(anonymous_23)
FNDA:0,(anonymous_24)
FNDA:0,(anonymous_25)
FNDA:0,(anonymous_26)
FNDA:0,(anonymous_27)
FNDA:0,(anonymous_28)
FNDA:0,(anonymous_29)
FNDA:2,(anonymous_30)
FNDA:2,(anonymous_31)
FNDA:14,(anonymous_32)
FNDA:0,(anonymous_33)
FNDA:0,(anonymous_34)
FNDA:1,(anonymous_35)
FNDA:0,(anonymous_36)
FNDA:1,(anonymous_37)
FNDA:2,(anonymous_38)
FNDA:0,(anonymous_39)
FNDA:0,(anonymous_40)
FNDA:1,(anonymous_41)
DA:15,35
DA:16,35
DA:18,35
DA:20,35
DA:21,35
DA:22,35
DA:23,35
DA:24,35
DA:25,35
DA:26,35
DA:27,35
DA:29,35
DA:30,35
DA:31,35
DA:35,35
DA:36,35
DA:38,35
DA:43,3
DA:44,2
DA:45,2
DA:46,2
DA:53,3
DA:54,2
DA:55,2
DA:56,2
DA:63,6
DA:64,6
DA:65,6
DA:66,6
DA:70,2
DA:71,2
DA:72,2
DA:73,2
DA:74,2
DA:76,2
DA:81,2
DA:82,2
DA:83,1
DA:85,1
DA:90,35
DA:91,35
DA:92,35
DA:93,35
DA:94,35
DA:95,35
DA:96,35
DA:99,5
DA:100,4
DA:105,4
DA:106,4
DA:107,4
DA:108,4
DA:109,5
DA:110,5
DA:114,3
DA:115,2
DA:116,2
DA:117,2
DA:121,2
DA:122,2
DA:124,2
DA:129,2
DA:130,1
DA:131,1
DA:132,1
DA:136,1
DA:137,1
DA:139,1
DA:143,35
DA:144,3
DA:145,4
DA:149,3
DA:150,2
DA:151,2
DA:152,2
DA:156,2
DA:157,2
DA:158,2
DA:160,2
DA:165,2
DA:166,2
DA:167,2
DA:171,2
DA:172,2
DA:174,2
DA:178,35
DA:179,35
DA:181,35
DA:193,35
DA:205,83
DA:207,0
DA:215,1
DA:216,1
DA:217,1
DA:220,1
DA:221,1
DA:222,1
DA:229,1
DA:230,576
DA:244,1
DA:245,1
DA:251,1
DA:252,47
DA:261,1
DA:271,1
DA:273,1
DA:274,336
DA:276,0
DA:290,1
DA:297,1
DA:298,222
DA:306,1
DA:307,1
DA:315,1
DA:316,518
DA:332,1
DA:333,1
DA:340,1
DA:342,0
DA:344,1
DA:348,1
DA:349,0
DA:363,1
DA:364,1
DA:371,1
DA:377,1
DA:378,0
DA:383,1
DA:384,1
DA:391,1
DA:394,1
DA:395,0
DA:404,1
DA:407,1
DA:408,0
DA:421,0
DA:423,0
DA:425,1
DA:426,1
DA:437,2
DA:440,1
DA:441,1
DA:443,1
DA:450,1
DA:451,2
DA:453,1
DA:454,1
DA:463,1
DA:468,1
DA:469,14
DA:471,0
DA:476,1
DA:483,1
DA:486,1
DA:488,0
DA:492,1
DA:502,1
DA:507,1
DA:510,1
DA:512,0
DA:516,1
DA:526,1
DA:531,1
DA:534,1
DA:536,2
DA:541,0
DA:546,1
DA:548,0
DA:553,1
LF:169
LH:155
BRDA:43,0,0,1
BRDA:43,0,1,2
BRDA:53,1,0,1
BRDA:53,1,1,2
BRDA:64,2,0,2
BRDA:64,2,1,4
BRDA:65,3,0,2
BRDA:65,3,1,4
BRDA:66,4,0,1
BRDA:66,4,1,5
BRDA:99,5,0,1
BRDA:99,5,1,4
BRDA:108,6,0,4
BRDA:108,6,1,0
BRDA:109,7,0,5
BRDA:109,7,1,0
BRDA:114,8,0,1
BRDA:114,8,1,2
BRDA:129,9,0,1
BRDA:129,9,1,1
BRDA:149,10,0,1
BRDA:149,10,1,2
BRDA:178,11,0,35
BRDA:178,11,1,1
BRDA:207,12,0,83
BRDA:207,12,1,35
BRDA:208,13,0,83
BRDA:208,13,1,35
BRDA:211,14,0,35
BRDA:211,14,1,48
BRDA:213,15,0,48
BRDA:224,16,0,0
BRDA:224,16,1,48
BRDA:249,17,0,47
BRDA:257,18,0,47
BRDA:257,18,1,34
BRDA:259,19,0,2
BRDA:259,19,1,46
BRDA:262,20,0,2
BRDA:262,20,1,2
BRDA:266,21,0,48
BRDA:266,21,1,35
BRDA:278,22,0,48
BRDA:278,22,1,288
BRDA:283,23,0,0
BRDA:283,23,1,336
BRDA:283,24,0,336
BRDA:283,24,1,48
BRDA:293,25,0,37
BRDA:293,25,1,11
BRDA:310,26,0,37
BRDA:310,26,1,35
BRDA:298,27,0,0
BRDA:298,27,1,37
BRDA:307,28,0,222
BRDA:307,28,1,148
BRDA:336,29,0,37
BRDA:336,29,1,35
BRDA:316,30,0,0
BRDA:316,30,1,37
BRDA:316,31,0,0
BRDA:316,31,1,37
BRDA:316,32,0,0
BRDA:316,32,1,37
BRDA:316,33,0,37
BRDA:316,33,1,37
BRDA:316,34,0,37
BRDA:316,34,1,37
BRDA:333,35,0,518
BRDA:333,35,1,296
BRDA:340,36,0,1
BRDA:340,36,1,10
BRDA:368,37,0,1
BRDA:368,37,1,0
BRDA:349,38,0,0
BRDA:349,38,1,0
BRDA:349,39,0,0
BRDA:349,39,1,0
BRDA:349,40,0,0
BRDA:349,40,1,0
BRDA:364,41,0,0
BRDA:364,41,1,0
BRDA:371,42,0,0
BRDA:371,42,1,10
BRDA:415,43,0,0
BRDA:415,43,1,0
BRDA:387,44,0,0
BRDA:387,44,1,0
BRDA:392,45,0,0
BRDA:392,45,1,0
BRDA:405,46,0,0
BRDA:405,46,1,0
BRDA:418,47,0,0
BRDA:418,47,1,10
BRDA:431,48,0,0
BRDA:431,48,1,0
BRDA:434,49,0,4
BRDA:434,49,1,6
BRDA:446,50,0,2
BRDA:446,50,1,2
BRDA:449,51,0,4
BRDA:449,51,1,2
BRDA:463,52,0,2
BRDA:479,53,0,2
BRDA:479,53,1,1
BRDA:484,54,0,2
BRDA:484,54,1,1
BRDA:493,55,0,2
BRDA:493,55,1,1
BRDA:496,56,0,2
BRDA:496,56,1,2
BRDA:502,57,0,2
BRDA:502,57,1,1
BRDA:508,58,0,2
BRDA:508,58,1,1
BRDA:517,59,0,2
BRDA:517,59,1,1
BRDA:520,60,0,2
BRDA:520,60,1,2
BRDA:526,61,0,2
BRDA:526,61,1,1
BRDA:532,62,0,2
BRDA:532,62,1,1
BRDA:545,63,0,0
BRDA:545,63,1,2
BRDA:556,64,0,2
BRDA:556,64,1,1
BRDA:552,65,0,2
BRDA:552,65,1,1
BRDA:559,66,0,2
BRDA:559,66,1,2
BRF:131
BRH:101
end_of_record
TN:
SF:src/views/EndpointsView.vue
FN:15,(anonymous_0)
FN:17,(anonymous_1)
FN:18,(anonymous_2)
FN:21,toggleAll
FN:23,(anonymous_4)
FN:37,(anonymous_5)
FN:49,(anonymous_6)
FN:55,(anonymous_7)
FN:60,(anonymous_8)
FN:65,(anonymous_9)
FN:68,(anonymous_10)
FN:71,(anonymous_11)
FN:74,(anonymous_12)
FN:77,(anonymous_13)
FN:105,(anonymous_14)
FN:108,(anonymous_15)
FN:110,(anonymous_16)
FN:112,(anonymous_17)
FN:153,(anonymous_18)
FNF:19
FNH:15
FNDA:20,(anonymous_0)
FNDA:20,(anonymous_1)
FNDA:24,(anonymous_2)
FNDA:5,toggleAll
FNDA:6,(anonymous_4)
FNDA:1,(anonymous_5)
FNDA:0,(anonymous_6)
FNDA:0,(anonymous_7)
FNDA:0,(anonymous_8)
FNDA:20,(anonymous_9)
FNDA:1,(anonymous_10)
FNDA:1,(anonymous_11)
FNDA:1,(anonymous_12)
FNDA:1,(anonymous_13)
FNDA:40,(anonymous_14)
FNDA:1,(anonymous_15)
FNDA:0,(anonymous_16)
FNDA:1,(anonymous_17)
FNDA:1,(anonymous_18)
DA:12,20
DA:13,20
DA:15,20
DA:17,20
DA:18,24
DA:22,5
DA:23,6
DA:30,20
DA:32,1
DA:35,1
DA:37,1
DA:44,1
DA:46,0
DA:50,0
DA:56,0
DA:66,1
DA:68,1
DA:71,1
DA:74,1
DA:77,1
DA:80,20
DA:84,1
DA:85,1
DA:86,1
DA:88,1
DA:104,40
DA:108,1
DA:112,1
DA:115,1
DA:116,1
DA:119,1
DA:124,1
DA:125,1
DA:126,1
DA:128,1
DA:129,1
DA:131,1
DA:132,1
DA:134,1
DA:137,1
DA:138,1
DA:153,1
LF:42
LH:39
BRDA:18,0,0,20
BRDA:18,0,1,20
BRDA:22,1,0,2
BRDA:22,1,1,3
BRDA:23,2,0,5
BRDA:23,2,1,1
BRDA:36,3,0,20
BRDA:36,3,1,20
BRDA:37,4,0,20
BRDA:37,4,1,20
BRDA:38,5,0,0
BRDA:38,5,1,20
BRDA:49,6,0,20
BRDA:49,6,1,20
BRDA:55,7,0,20
BRDA:55,7,1,20
BRDA:60,8,0,20
BRDA:60,8,1,20
BRDA:65,9,0,4
BRDA:66,10,0,4
BRDA:66,10,1,4
BRDA:68,11,0,4
BRDA:68,11,1,4
BRDA:69,12,0,4
BRDA:69,12,1,4
BRDA:71,13,0,4
BRDA:71,13,1,4
BRDA:72,14,0,4
BRDA:72,14,1,4
BRDA:74,15,0,4
BRDA:74,15,1,4
BRDA:75,16,0,4
BRDA:75,16,1,4
BRDA:77,17,0,4
BRDA:77,17,1,4
BRDA:78,18,0,4
BRDA:78,18,1,4
BRDA:92,19,0,20
BRDA:92,19,1,20
BRDA:92,20,0,20
BRDA:92,20,1,20
BRDA:93,21,0,20
BRDA:93,21,1,20
BRDA:94,22,0,20
BRDA:94,22,1,20
BRDA:95,23,0,20
BRDA:95,23,1,20
BRDA:96,24,0,20
BRDA:96,24,1,20
BRDA:97,25,0,20
BRDA:97,25,1,20
BRDA:102,26,0,0
BRDA:102,26,1,20
BRDA:102,27,0,20
BRDA:102,27,1,0
BRDA:107,28,0,7
BRDA:107,28,1,33
BRDA:110,29,0,40
BRDA:110,29,1,20
BRDA:120,30,0,0
BRDA:120,30,1,40
BRDA:145,31,0,0
BRDA:145,31,1,20
BRDA:145,32,0,20
BRDA:145,32,1,20
BRDA:152,33,0,1
BRDA:152,33,1,19
BRDA:153,34,0,1
BRDA:153,34,1,1
BRF:69
BRH:64
end_of_record
TN:
SF:src/views/ExclusionsView.vue
FN:21,fetchList
FN:32,addExclusion
FN:50,removeExclusion
FN:55,(anonymous_3)
FN:73,(anonymous_4)
FN:83,(anonymous_5)
FN:89,(anonymous_6)
FN:88,(anonymous_7)
FN:95,(anonymous_8)
FN:94,(anonymous_9)
FN:99,(anonymous_10)
FN:120,(anonymous_11)
FN:129,(anonymous_12)
FNF:13
FNH:10
FNDA:14,fetchList
FNDA:4,addExclusion
FNDA:4,removeExclusion
FNDA:2,(anonymous_3)
FNDA:1,(anonymous_4)
FNDA:0,(anonymous_5)
FNDA:0,(anonymous_6)
FNDA:15,(anonymous_7)
FNDA:0,(anonymous_8)
FNDA:12,(anonymous_9)
FNDA:1,(anonymous_10)
FNDA:20,(anonymous_11)
FNDA:1,(anonymous_12)
DA:9,12
DA:10,12
DA:11,12
DA:12,12
DA:13,12
DA:14,12
DA:15,12
DA:16,12
DA:18,12
DA:19,12
DA:22,14
DA:23,14
DA:24,14
DA:25,14
DA:26,14
DA:28,14
DA:33,4
DA:34,3
DA:35,3
DA:36,3
DA:42,2
DA:43,2
DA:44,2
DA:46,1
DA:51,4
DA:52,3
DA:53,3
DA:54,3
DA:55,2
DA:56,2
DA:58,1
DA:62,12
DA:66,36
DA:68,1
DA:71,1
DA:73,1
DA:80,1
DA:81,1
DA:83,0
DA:87,0
DA:88,15
DA:93,0
DA:94,12
DA:97,1
DA:99,1
DA:104,1
DA:119,20
DA:123,1
DA:124,1
DA:125,1
DA:126,1
DA:127,1
DA:128,1
DA:129,1
LF:54
LH:51
BRDA:26,0,0,14
BRDA:26,0,1,0
BRDA:33,1,0,1
BRDA:33,1,1,3
BRDA:46,2,0,1
BRDA:46,2,1,0
BRDA:51,3,0,1
BRDA:51,3,1,3
BRDA:58,4,0,1
BRDA:58,4,1,0
BRDA:67,5,0,2
BRDA:67,5,1,34
BRDA:72,6,0,36
BRDA:72,6,1,12
BRDA:73,7,0,36
BRDA:73,7,1,12
BRDA:74,8,0,36
BRDA:74,8,1,12
BRDA:79,9,0,3
BRDA:84,10,0,3
BRDA:84,10,1,3
BRDA:83,11,0,3
BRDA:83,11,1,3
BRDA:90,12,0,3
BRDA:90,12,1,3
BRDA:89,13,0,3
BRDA:89,13,1,3
BRDA:96,14,0,3
BRDA:96,14,1,3
BRDA:95,15,0,3
BRDA:95,15,1,3
BRDA:99,16,0,3
BRDA:99,16,1,3
BRDA:105,17,0,14
BRDA:105,17,1,22
BRDA:105,18,0,2
BRDA:105,18,1,20
BRDA:135,19,0,20
BRDA:135,19,1,12
BRF:39
BRH:36
end_of_record
TN:
SF:src/views/ExportImportView.vue
FN:12,doExport
FN:28,triggerImport
FN:32,onFileSelected
FN:120,(anonymous_3)
FNF:4
FNH:4
FNDA:3,doExport
FNDA:2,triggerImport
FNDA:8,onFileSelected
FNDA:28,(anonymous_3)
DA:6,20
DA:7,20
DA:8,20
DA:9,20
DA:10,20
DA:13,3
DA:14,3
DA:15,3
DA:16,2
DA:17,2
DA:18,2
DA:19,2
DA:20,2
DA:21,2
DA:22,2
DA:24,3
DA:29,2
DA:33,8
DA:34,8
DA:35,8
DA:36,6
DA:37,6
DA:38,6
DA:39,6
DA:40,6
DA:41,6
DA:42,6
DA:43,6
DA:44,3
DA:45,3
DA:47,3
DA:48,3
DA:50,6
DA:56,38
DA:62,1
DA:64,1
DA:65,1
DA:66,1
DA:91,1
DA:92,1
DA:93,1
DA:128,28
LF:42
LH:42
BRDA:35,0,0,2
BRDA:35,0,1,6
BRDA:48,1,0,2
BRDA:48,1,1,1
BRDA:143,2,0,38
BRDA:143,2,1,20
BRDA:69,3,0,38
BRDA:69,3,1,20
BRDA:75,4,0,38
BRDA:75,4,1,20
BRDA:85,5,0,3
BRDA:85,5,1,35
BRDA:86,6,0,3
BRDA:86,6,1,35
BRDA:96,7,0,38
BRDA:96,7,1,20
BRDA:102,8,0,38
BRDA:102,8,1,20
BRDA:114,9,0,6
BRDA:114,9,1,32
BRDA:115,10,0,6
BRDA:115,10,1,32
BRDA:121,11,0,8
BRDA:123,12,0,4
BRDA:123,12,1,4
BRDA:125,13,0,4
BRDA:125,13,1,4
BRDA:133,14,0,38
BRDA:133,14,1,20
BRF:29
BRH:29
end_of_record
TN:
SF:src/views/FirewallView.vue
FN:14,(anonymous_0)
FN:52,openCreate
FN:70,openEdit
FN:90,closeModal
FN:96,buildRemoteHosts
FN:99,(anonymous_5)
FN:103,buildPort
FN:106,(anonymous_7)
FN:110,saveModal
FN:135,(anonymous_9)
FN:151,confirmDelete
FN:156,(anonymous_11)
FN:174,remoteHostLabel
FN:181,remotePortLabel
FN:188,toggleOsType
FN:226,(anonymous_15)
FN:255,(anonymous_16)
FN:262,(anonymous_17)
FN:268,(anonymous_18)
FN:269,(anonymous_19)
FN:296,(anonymous_20)
FN:302,(anonymous_21)
FN:312,(anonymous_22)
FN:319,(anonymous_23)
FN:331,(anonymous_24)
FN:340,(anonymous_25)
FN:349,(anonymous_26)
FN:350,(anonymous_27)
FN:366,(anonymous_28)
FN:369,(anonymous_29)
FN:384,(anonymous_30)
FN:387,(anonymous_31)
FN:400,(anonymous_32)
FN:399,(anonymous_33)
FNF:34
FNH:27
FNDA:67,(anonymous_0)
FNDA:22,openCreate
FNDA:10,openEdit
FNDA:10,closeModal
FNDA:12,buildRemoteHosts
FNDA:3,(anonymous_5)
FNDA:13,buildPort
FNDA:8,(anonymous_7)
FNDA:11,saveModal
FNDA:2,(anonymous_9)
FNDA:5,confirmDelete
FNDA:8,(anonymous_11)
FNDA:267,remoteHostLabel
FNDA:266,remotePortLabel
FNDA:6,toggleOsType
FNDA:262,(anonymous_15)
FNDA:1,(anonymous_16)
FNDA:1,(anonymous_17)
FNDA:1,(anonymous_18)
FNDA:1,(anonymous_19)
FNDA:0,(anonymous_20)
FNDA:0,(anonymous_21)
FNDA:1,(anonymous_22)
FNDA:0,(anonymous_23)
FNDA:0,(anonymous_24)
FNDA:0,(anonymous_25)
FNDA:117,(anonymous_26)
FNDA:1,(anonymous_27)
FNDA:1,(anonymous_28)
FNDA:1,(anonymous_29)
FNDA:1,(anonymous_30)
FNDA:0,(anonymous_31)
FNDA:0,(anonymous_32)
FNDA:56,(anonymous_33)
DA:9,67
DA:10,67
DA:11,67
DA:12,67
DA:14,67
DA:15,67
DA:16,67
DA:20,67
DA:21,67
DA:22,67
DA:24,67
DA:32,67
DA:33,67
DA:34,67
DA:35,67
DA:37,67
DA:53,22
DA:54,22
DA:55,22
DA:56,22
DA:57,22
DA:58,22
DA:59,22
DA:60,22
DA:61,22
DA:62,22
DA:63,22
DA:64,22
DA:65,22
DA:66,22
DA:67,22
DA:71,10
DA:72,10
DA:73,10
DA:74,10
DA:75,10
DA:76,10
DA:77,10
DA:78,10
DA:79,10
DA:80,10
DA:81,10
DA:82,10
DA:83,10
DA:84,10
DA:85,10
DA:86,10
DA:87,10
DA:91,10
DA:92,10
DA:93,10
DA:97,12
DA:99,3
DA:104,13
DA:106,8
DA:111,11
DA:112,11
DA:113,10
DA:114,10
DA:115,10
DA:128,11
DA:129,8
DA:130,8
DA:131,6
DA:132,6
DA:133,2
DA:134,2
DA:135,2
DA:136,2
DA:138,8
DA:140,2
DA:142,10
DA:148,67
DA:149,67
DA:152,5
DA:153,5
DA:154,5
DA:155,5
DA:156,8
DA:157,4
DA:159,5
DA:165,67
DA:172,67
DA:175,267
DA:176,267
DA:177,133
DA:178,133
DA:182,266
DA:183,266
DA:184,258
DA:185,258
DA:189,6
DA:190,6
DA:191,2
DA:196,197
DA:197,1
DA:200,1
DA:207,1
DA:225,262
DA:229,1
DA:230,1
DA:231,1
DA:234,1
DA:239,1
DA:242,1
DA:243,1
DA:244,1
DA:245,1
DA:251,1
DA:252,1
DA:255,1
DA:262,1
DA:268,1
DA:269,1
DA:286,1
DA:287,1
DA:288,1
DA:292,1
DA:296,0
DA:302,0
DA:306,1
DA:309,1
DA:316,0
DA:324,1
DA:327,0
DA:335,0
DA:347,1
DA:348,117
DA:350,1
DA:360,1
DA:361,1
DA:369,1
DA:379,1
DA:380,1
DA:387,0
DA:397,0
DA:399,56
DA:406,1
LF:138
LH:131
BRDA:21,0,0,67
BRDA:21,0,1,0
BRDA:63,1,0,22
BRDA:63,1,1,1
BRDA:75,2,0,10
BRDA:75,2,1,4
BRDA:79,3,0,10
BRDA:79,3,1,2
BRDA:80,4,0,9
BRDA:80,4,1,1
BRDA:82,5,0,8
BRDA:82,5,1,2
BRDA:83,6,0,10
BRDA:83,6,1,2
BRDA:84,7,0,10
BRDA:84,7,1,2
BRDA:86,8,0,10
BRDA:86,8,1,2
BRDA:87,9,0,10
BRDA:87,9,1,2
BRDA:99,10,0,11
BRDA:99,10,1,1
BRDA:106,11,0,9
BRDA:106,11,1,4
BRDA:112,12,0,1
BRDA:112,12,1,10
BRDA:117,13,0,10
BRDA:117,13,1,8
BRDA:121,14,0,11
BRDA:121,14,1,8
BRDA:128,15,0,8
BRDA:128,15,1,2
BRDA:129,16,0,6
BRDA:129,16,1,2
BRDA:133,17,0,2
BRDA:133,17,1,0
BRDA:136,18,0,2
BRDA:136,18,1,0
BRDA:175,19,0,266
BRDA:175,19,1,1
BRDA:176,20,0,134
BRDA:176,20,1,133
BRDA:176,21,0,267
BRDA:176,21,1,266
BRDA:178,22,0,132
BRDA:178,22,1,1
BRDA:178,23,0,131
BRDA:178,23,1,1
BRDA:183,24,0,8
BRDA:183,24,1,258
BRDA:183,25,0,266
BRDA:183,25,1,265
BRDA:185,26,0,257
BRDA:185,26,1,1
BRDA:190,27,0,3
BRDA:190,27,1,3
BRDA:190,28,0,2
BRDA:190,28,1,1
BRDA:201,29,0,197
BRDA:201,29,1,67
BRDA:203,30,0,197
BRDA:203,30,1,67
BRDA:208,31,0,67
BRDA:208,31,1,130
BRDA:208,32,0,0
BRDA:208,32,1,130
BRDA:277,33,0,130
BRDA:277,33,1,67
BRDA:232,34,0,126
BRDA:232,34,1,136
BRDA:235,35,0,262
BRDA:235,35,1,0
BRDA:240,36,0,262
BRDA:240,36,1,0
BRDA:242,37,0,262
BRDA:242,37,1,6
BRDA:247,38,0,262
BRDA:247,38,1,0
BRDA:254,39,0,262
BRDA:254,39,1,0
BRDA:261,40,0,259
BRDA:261,40,1,3
BRDA:261,41,0,262
BRDA:261,41,1,259
BRDA:267,42,0,3
BRDA:269,43,0,3
BRDA:269,43,1,3
BRDA:282,44,0,39
BRDA:288,45,0,29
BRDA:288,45,1,10
BRDA:297,46,0,39
BRDA:297,46,1,31
BRDA:296,47,0,39
BRDA:296,47,1,31
BRDA:303,48,0,39
BRDA:303,48,1,31
BRDA:302,49,0,39
BRDA:302,49,1,31
BRDA:313,50,0,39
BRDA:313,50,1,31
BRDA:312,51,0,39
BRDA:312,51,1,31
BRDA:320,52,0,39
BRDA:320,52,1,31
BRDA:319,53,0,39
BRDA:319,53,1,31
BRDA:332,54,0,39
BRDA:332,54,1,31
BRDA:331,55,0,39
BRDA:331,55,1,31
BRDA:341,56,0,39
BRDA:341,56,1,31
BRDA:340,57,0,39
BRDA:340,57,1,31
BRDA:355,58,0,39
BRDA:355,58,1,31
BRDA:351,59,0,40
BRDA:351,59,1,77
BRDA:374,60,0,39
BRDA:374,60,1,31
BRDA:366,61,0,39
BRDA:366,61,1,31
BRDA:368,62,0,5
BRDA:368,62,1,34
BRDA:369,63,0,5
BRDA:369,63,1,4
BRDA:392,64,0,39
BRDA:392,64,1,31
BRDA:384,65,0,39
BRDA:384,65,1,31
BRDA:386,66,0,9
BRDA:386,66,1,30
BRDA:387,67,0,9
BRDA:387,67,1,9
BRDA:395,68,0,28
BRDA:395,69,0,39
BRDA:395,69,1,29
BRDA:401,70,0,28
BRDA:401,70,1,20
BRDA:400,71,0,28
BRDA:400,71,1,20
BRDA:398,72,0,28
BRDA:398,72,1,20
BRDA:404,73,0,3
BRDA:404,73,1,36
BRDA:409,74,0,10
BRDA:409,74,1,29
BRF:147
BRH:139
end_of_record
TN:
SF:src/views/GroupsView.vue
FN:17,fetchList
FN:34,(anonymous_1)
FN:35,(anonymous_2)
FN:55,openCreate
FN:66,openEdit
FN:77,closeModal
FN:83,saveModal
FN:116,requestDelete
FN:120,confirmDelete
FN:125,(anonymous_9)
FN:144,(anonymous_10)
FN:143,(anonymous_11)
FN:167,(anonymous_12)
FN:174,(anonymous_13)
FN:181,(anonymous_14)
FN:190,(anonymous_15)
FN:198,(anonymous_16)
FN:201,(anonymous_17)
FN:229,(anonymous_18)
FN:235,(anonymous_19)
FN:234,(anonymous_20)
FN:242,(anonymous_21)
FN:246,(anonymous_22)
FN:249,(anonymous_23)
FNF:24
FNH:19
FNDA:36,fetchList
FNDA:38,(anonymous_1)
FNDA:3,(anonymous_2)
FNDA:14,openCreate
FNDA:5,openEdit
FNDA:9,closeModal
FNDA:7,saveModal
FNDA:4,requestDelete
FNDA:3,confirmDelete
FNDA:3,(anonymous_9)
FNDA:1,(anonymous_10)
FNDA:79,(anonymous_11)
FNDA:71,(anonymous_12)
FNDA:71,(anonymous_13)
FNDA:1,(anonymous_14)
FNDA:1,(anonymous_15)
FNDA:1,(anonymous_16)
FNDA:1,(anonymous_17)
FNDA:0,(anonymous_18)
FNDA:0,(anonymous_19)
FNDA:15,(anonymous_20)
FNDA:0,(anonymous_21)
FNDA:0,(anonymous_22)
FNDA:0,(anonymous_23)
DA:9,32
DA:10,32
DA:11,32
DA:12,32
DA:13,32
DA:14,32
DA:15,32
DA:18,36
DA:19,36
DA:20,36
DA:24,36
DA:25,36
DA:26,36
DA:28,36
DA:32,32
DA:34,32
DA:35,38
DA:42,32
DA:43,32
DA:44,32
DA:45,32
DA:47,32
DA:56,14
DA:57,14
DA:58,14
DA:59,14
DA:60,14
DA:61,14
DA:62,14
DA:63,14
DA:67,5
DA:68,5
DA:69,5
DA:70,5
DA:71,5
DA:72,5
DA:73,5
DA:74,5
DA:78,9
DA:79,9
DA:80,9
DA:84,7
DA:85,7
DA:86,6
DA:87,5
DA:88,5
DA:89,5
DA:90,4
DA:97,1
DA:98,1
DA:105,4
DA:106,4
DA:108,1
DA:110,5
DA:117,4
DA:121,3
DA:122,3
DA:123,3
DA:124,3
DA:125,3
DA:126,3
DA:128,3
DA:134,111
DA:135,1
DA:138,1
DA:140,1
DA:141,1
DA:143,79
DA:151,1
DA:166,71
DA:170,1
DA:171,1
DA:172,1
DA:174,71
DA:175,1
DA:176,1
DA:177,1
DA:178,1
DA:179,1
DA:181,1
DA:190,1
DA:198,1
DA:201,1
DA:220,1
DA:221,1
DA:222,1
DA:226,1
DA:229,0
DA:233,0
DA:234,15
DA:239,0
DA:246,0
DA:248,1
DA:249,0
DA:256,1
LF:95
LH:90
BRDA:25,0,0,36
BRDA:25,0,1,0
BRDA:35,1,0,3
BRDA:35,1,1,35
BRDA:60,2,0,14
BRDA:60,2,1,0
BRDA:73,3,0,5
BRDA:73,3,1,5
BRDA:74,4,0,5
BRDA:74,4,1,5
BRDA:85,5,0,1
BRDA:85,5,1,6
BRDA:86,6,0,1
BRDA:86,6,1,5
BRDA:86,7,0,6
BRDA:86,7,1,5
BRDA:89,8,0,4
BRDA:89,8,1,1
BRDA:94,9,0,4
BRDA:94,9,1,4
BRDA:97,10,0,1
BRDA:97,10,1,0
BRDA:97,11,0,1
BRDA:97,11,1,1
BRDA:101,12,0,1
BRDA:101,12,1,1
BRDA:139,13,0,111
BRDA:139,13,1,32
BRDA:144,14,0,111
BRDA:144,14,1,32
BRDA:142,15,0,111
BRDA:142,15,1,32
BRDA:146,16,0,111
BRDA:146,16,1,32
BRDA:152,17,0,36
BRDA:152,17,1,75
BRDA:152,18,0,4
BRDA:152,18,1,71
BRDA:211,19,0,71
BRDA:211,19,1,32
BRDA:174,20,0,71
BRDA:174,20,1,0
BRDA:176,21,0,71
BRDA:176,21,1,0
BRDA:187,22,0,71
BRDA:189,23,0,67
BRDA:189,23,1,4
BRDA:201,24,0,4
BRDA:201,24,1,4
BRDA:206,25,0,0
BRDA:206,25,1,71
BRDA:216,26,0,20
BRDA:222,27,0,15
BRDA:222,27,1,5
BRDA:230,28,0,20
BRDA:230,28,1,18
BRDA:229,29,0,20
BRDA:229,29,1,18
BRDA:231,30,0,15
BRDA:236,31,0,15
BRDA:236,31,1,13
BRDA:235,32,0,15
BRDA:235,32,1,13
BRDA:243,33,0,20
BRDA:243,33,1,18
BRDA:242,34,0,20
BRDA:242,34,1,18
BRDA:247,35,0,20
BRDA:247,35,1,18
BRDA:246,36,0,20
BRDA:246,36,1,18
BRDA:249,37,0,20
BRDA:249,37,1,18
BRDA:254,38,0,4
BRDA:254,38,1,16
BRDA:259,39,0,5
BRDA:259,39,1,15
BRF:77
BRH:71
end_of_record
TN:
SF:src/views/IocView.vue
FN:21,fetchList
FN:32,addIoc
FN:50,toggleSelect
FN:56,toggleAll
FN:58,(anonymous_4)
FN:61,deleteSelected
FN:67,(anonymous_6)
FN:94,(anonymous_7)
FN:108,(anonymous_8)
FN:107,(anonymous_9)
FN:112,(anonymous_10)
FN:116,(anonymous_11)
FN:120,(anonymous_12)
FN:124,(anonymous_13)
FN:154,(anonymous_14)
FN:159,(anonymous_15)
FNF:16
FNH:12
FNDA:35,fetchList
FNDA:7,addIoc
FNDA:10,toggleSelect
FNDA:5,toggleAll
FNDA:8,(anonymous_4)
FNDA:7,deleteSelected
FNDA:10,(anonymous_6)
FNDA:1,(anonymous_7)
FNDA:0,(anonymous_8)
FNDA:35,(anonymous_9)
FNDA:0,(anonymous_10)
FNDA:0,(anonymous_11)
FNDA:0,(anonymous_12)
FNDA:1,(anonymous_13)
FNDA:111,(anonymous_14)
FNDA:1,(anonymous_15)
DA:9,30
DA:10,30
DA:11,30
DA:12,30
DA:13,30
DA:14,30
DA:15,30
DA:17,30
DA:19,30
DA:22,35
DA:23,35
DA:24,35
DA:25,35
DA:26,35
DA:28,35
DA:33,7
DA:34,5
DA:35,5
DA:36,5
DA:42,5
DA:43,5
DA:44,5
DA:46,5
DA:51,10
DA:52,9
DA:53,10
DA:57,5
DA:58,8
DA:62,7
DA:63,6
DA:64,5
DA:65,5
DA:66,5
DA:67,10
DA:68,5
DA:69,5
DA:71,5
DA:75,30
DA:79,94
DA:80,1
DA:83,1
DA:85,1
DA:94,1
DA:103,1
DA:106,0
DA:107,35
DA:112,0
DA:116,0
DA:120,0
DA:123,1
DA:124,1
DA:131,1
DA:135,1
DA:136,1
DA:137,1
DA:153,111
DA:158,1
DA:159,1
DA:161,1
DA:162,1
DA:164,1
DA:165,1
DA:166,1
DA:167,1
LF:64
LH:60
BRDA:26,0,0,35
BRDA:26,0,1,1
BRDA:33,1,0,2
BRDA:33,1,1,5
BRDA:39,2,0,5
BRDA:39,2,1,4
BRDA:51,3,0,1
BRDA:51,3,1,9
BRDA:57,4,0,1
BRDA:57,4,1,4
BRDA:62,5,0,1
BRDA:62,5,1,6
BRDA:63,6,0,1
BRDA:63,6,1,5
BRDA:84,7,0,94
BRDA:84,7,1,30
BRDA:87,8,0,11
BRDA:87,8,1,83
BRDA:94,9,0,94
BRDA:94,9,1,30
BRDA:95,10,0,94
BRDA:95,10,1,30
BRDA:101,11,0,5
BRDA:129,12,0,5
BRDA:129,12,1,4
BRDA:109,13,0,5
BRDA:109,13,1,4
BRDA:108,14,0,5
BRDA:108,14,1,4
BRDA:113,15,0,5
BRDA:113,15,1,4
BRDA:112,16,0,5
BRDA:112,16,1,4
BRDA:117,17,0,5
BRDA:117,17,1,4
BRDA:116,18,0,5
BRDA:116,18,1,4
BRDA:121,19,0,5
BRDA:121,19,1,4
BRDA:120,20,0,5
BRDA:120,20,1,4
BRDA:124,21,0,5
BRDA:124,21,1,4
BRDA:125,22,0,5
BRDA:125,22,1,3
BRDA:126,23,0,2
BRDA:126,23,1,3
BRDA:132,24,0,35
BRDA:132,24,1,59
BRDA:132,25,0,2
BRDA:132,25,1,57
BRDA:140,26,0,57
BRDA:140,26,1,4
BRDA:145,27,0,57
BRDA:145,27,1,30
BRDA:145,28,0,57
BRDA:145,28,1,30
BRDA:146,29,0,57
BRDA:146,29,1,30
BRDA:147,30,0,57
BRDA:147,30,1,30
BRDA:148,31,0,57
BRDA:148,31,1,30
BRDA:156,32,0,15
BRDA:156,32,1,96
BRDA:165,33,0,111
BRDA:165,33,1,0
BRDA:166,34,0,111
BRDA:166,34,1,57
BRF:69
BRH:68
end_of_record
TN:
SF:src/views/LoginView.vue
FN:12,login
FN:44,(anonymous_1)
FN:45,(anonymous_2)
FNF:3
FNH:3
FNDA:2,login
FNDA:36,(anonymous_1)
FNDA:1,(anonymous_2)
DA:7,8
DA:8,8
DA:9,8
DA:10,8
DA:13,2
DA:14,2
DA:15,2
DA:16,2
DA:18,2
DA:24,12
DA:25,1
DA:27,1
DA:28,1
DA:38,1
DA:42,1
DA:43,36
DA:45,1
DA:55,1
DA:56,1
DA:57,1
LF:20
LH:20
BRDA:31,0,0,12
BRDA:31,0,1,8
BRDA:70,1,0,12
BRDA:70,1,1,8
BRDA:39,2,0,12
BRDA:39,2,1,8
BRDA:47,3,0,12
BRDA:47,3,1,24
BRDA:52,4,0,12
BRDA:52,4,1,24
BRDA:67,5,0,2
BRDA:67,5,1,10
BRDA:67,6,0,10
BRDA:67,6,1,2
BRDA:72,7,0,12
BRDA:72,7,1,8
BRF:16
BRH:16
end_of_record
TN:
SF:src/views/PlaybookView.vue
FN:114,devHeaders
FN:120,(anonymous_1)
FN:124,(anonymous_2)
FN:128,(anonymous_3)
FN:137,(anonymous_4)
FN:141,(anonymous_5)
FN:145,(anonymous_6)
FN:147,(anonymous_7)
FN:150,(anonymous_8)
FN:153,formatDelay
FN:159,elapsedSeconds
FN:166,loadPlaybooks
FN:171,loadAgents
FN:179,selectPlaybook
FN:186,runPlaybook
FN:197,cancelRun
FN:203,pollStatus
FN:212,startPolling
FN:214,(anonymous_18)
FN:220,stopPolling
FN:229,openCreate
FN:241,openEdit
FN:244,(anonymous_22)
FN:247,cancelEdit
FN:251,savePlaybook
FN:269,requestDelete
FN:278,(anonymous_26)
FN:284,addStep
FN:296,removeStep
FN:300,onStepActionChange
FN:311,onDragStart
FN:313,onDrop
FN:323,(anonymous_32)
FN:352,(anonymous_33)
FN:354,(anonymous_34)
FN:379,(anonymous_35)
FN:386,(anonymous_36)
FN:434,(anonymous_37)
FN:443,(anonymous_38)
FN:453,(anonymous_39)
FN:462,(anonymous_40)
FN:470,(anonymous_41)
FN:488,(anonymous_42)
FN:491,(anonymous_43)
FN:492,(anonymous_44)
FN:493,(anonymous_45)
FN:504,(anonymous_46)
FN:509,(anonymous_47)
FN:515,(anonymous_48)
FN:518,(anonymous_49)
FN:529,(anonymous_50)
FN:550,(anonymous_51)
FN:554,(anonymous_52)
FN:561,(anonymous_53)
FN:565,(anonymous_54)
FN:571,(anonymous_55)
FN:577,(anonymous_56)
FN:581,(anonymous_57)
FN:585,(anonymous_58)
FN:594,(anonymous_59)
FN:598,(anonymous_60)
FN:602,(anonymous_61)
FN:606,(anonymous_62)
FN:610,(anonymous_63)
FN:620,(anonymous_64)
FN:624,(anonymous_65)
FN:630,(anonymous_66)
FN:665,(anonymous_67)
FN:664,(anonymous_68)
FN:694,(anonymous_69)
FN:758,(anonymous_70)
FNF:71
FNH:46
FNDA:163,devHeaders
FNDA:276,(anonymous_1)
FNDA:281,(anonymous_2)
FNDA:281,(anonymous_3)
FNDA:8,(anonymous_4)
FNDA:8,(anonymous_5)
FNDA:14,(anonymous_6)
FNDA:5,(anonymous_7)
FNDA:4,(anonymous_8)
FNDA:9,formatDelay
FNDA:2,elapsedSeconds
FNDA:76,loadPlaybooks
FNDA:71,loadAgents
FNDA:3,selectPlaybook
FNDA:3,runPlaybook
FNDA:2,cancelRun
FNDA:75,pollStatus
FNDA:2,startPolling
FNDA:1,(anonymous_18)
FNDA:6,stopPolling
FNDA:24,openCreate
FNDA:1,openEdit
FNDA:2,(anonymous_22)
FNDA:2,cancelEdit
FNDA:4,savePlaybook
FNDA:3,requestDelete
FNDA:0,(anonymous_26)
FNDA:20,addStep
FNDA:2,removeStep
FNDA:11,onStepActionChange
FNDA:2,onDragStart
FNDA:2,onDrop
FNDA:71,(anonymous_32)
FNDA:276,(anonymous_33)
FNDA:1,(anonymous_34)
FNDA:0,(anonymous_35)
FNDA:0,(anonymous_36)
FNDA:0,(anonymous_37)
FNDA:0,(anonymous_38)
FNDA:0,(anonymous_39)
FNDA:0,(anonymous_40)
FNDA:1,(anonymous_41)
FNDA:31,(anonymous_42)
FNDA:0,(anonymous_43)
FNDA:0,(anonymous_44)
FNDA:0,(anonymous_45)
FNDA:0,(anonymous_46)
FNDA:0,(anonymous_47)
FNDA:0,(anonymous_48)
FNDA:6,(anonymous_49)
FNDA:1,(anonymous_50)
FNDA:0,(anonymous_51)
FNDA:0,(anonymous_52)
FNDA:0,(anonymous_53)
FNDA:0,(anonymous_54)
FNDA:0,(anonymous_55)
FNDA:0,(anonymous_56)
FNDA:0,(anonymous_57)
FNDA:0,(anonymous_58)
FNDA:0,(anonymous_59)
FNDA:1,(anonymous_60)
FNDA:0,(anonymous_61)
FNDA:0,(anonymous_62)
FNDA:1,(anonymous_63)
FNDA:1,(anonymous_64)
FNDA:0,(anonymous_65)
FNDA:1,(anonymous_66)
FNDA:1,(anonymous_67)
FNDA:14,(anonymous_68)
FNDA:6,(anonymous_69)
FNDA:4,(anonymous_70)
DA:97,71
DA:98,71
DA:99,71
DA:100,71
DA:101,71
DA:102,71
DA:103,71
DA:104,71
DA:107,71
DA:108,71
DA:110,71
DA:112,71
DA:115,163
DA:120,276
DA:124,281
DA:128,281
DA:137,71
DA:141,71
DA:145,71
DA:147,71
DA:148,5
DA:149,5
DA:150,4
DA:154,9
DA:155,5
DA:156,4
DA:160,2
DA:161,1
DA:167,76
DA:168,76
DA:172,71
DA:173,71
DA:174,71
DA:175,71
DA:180,3
DA:181,2
DA:182,2
DA:183,2
DA:187,3
DA:188,2
DA:189,2
DA:190,2
DA:191,2
DA:193,2
DA:198,2
DA:199,2
DA:200,2
DA:204,75
DA:205,75
DA:206,75
DA:213,2
DA:214,2
DA:215,1
DA:216,1
DA:221,6
DA:222,2
DA:223,2
DA:230,24
DA:242,1
DA:243,1
DA:244,2
DA:248,2
DA:252,4
DA:253,3
DA:254,3
DA:255,3
DA:256,3
DA:257,1
DA:259,2
DA:260,2
DA:262,3
DA:263,3
DA:265,3
DA:270,3
DA:271,3
DA:272,2
DA:273,2
DA:274,2
DA:275,2
DA:277,1
DA:278,1
DA:285,20
DA:286,19
DA:297,2
DA:301,11
DA:302,11
DA:303,10
DA:304,10
DA:305,10
DA:306,10
DA:307,10
DA:308,10
DA:311,2
DA:314,2
DA:315,1
DA:316,1
DA:317,1
DA:318,1
DA:323,71
DA:324,71
DA:325,71
DA:326,71
DA:329,71
DA:333,209
DA:336,1
DA:337,1
DA:351,1
DA:352,276
DA:354,1
DA:362,1
DA:364,1
DA:365,1
DA:366,1
DA:367,1
DA:369,1
DA:377,1
DA:379,0
DA:386,0
DA:404,1
DA:405,1
DA:408,1
DA:425,1
DA:427,1
DA:428,1
DA:431,0
DA:436,1
DA:439,0
DA:447,0
DA:457,0
DA:467,1
DA:476,1
DA:486,1
DA:487,31
DA:491,0
DA:493,0
DA:497,1
DA:499,1
DA:501,0
DA:506,0
DA:511,0
DA:518,6
DA:529,1
DA:535,1
DA:539,0
DA:552,1
DA:554,0
DA:561,0
DA:565,0
DA:569,0
DA:575,0
DA:581,0
DA:585,0
DA:592,0
DA:598,1
DA:602,0
DA:606,0
DA:608,1
DA:610,1
DA:617,1
DA:624,0
DA:628,1
DA:649,1
DA:650,1
DA:652,1
DA:655,1
DA:661,1
DA:664,14
DA:684,1
DA:685,1
DA:693,6
DA:710,1
DA:711,1
DA:712,1
DA:713,1
DA:715,1
DA:730,1
DA:743,1
DA:744,1
DA:751,1
DA:757,1
DA:758,4
LF:181
LH:158
BRDA:115,0,0,163
BRDA:115,0,1,0
BRDA:120,1,0,276
BRDA:120,1,1,0
BRDA:124,2,0,281
BRDA:124,2,1,1
BRDA:128,3,0,281
BRDA:128,3,1,1
BRDA:137,4,0,8
BRDA:137,4,1,0
BRDA:141,5,0,8
BRDA:141,5,1,0
BRDA:149,6,0,4
BRDA:149,6,1,1
BRDA:154,7,0,4
BRDA:154,7,1,5
BRDA:155,8,0,1
BRDA:155,8,1,4
BRDA:160,9,0,1
BRDA:160,9,1,1
BRDA:174,10,0,71
BRDA:174,10,1,0
BRDA:174,11,0,71
BRDA:174,11,1,71
BRDA:180,12,0,1
BRDA:180,12,1,2
BRDA:187,13,0,1
BRDA:187,13,1,2
BRDA:187,14,0,3
BRDA:187,14,1,2
BRDA:187,14,2,2
BRDA:206,15,0,75
BRDA:206,15,1,0
BRDA:216,16,0,1
BRDA:216,16,1,0
BRDA:221,17,0,2
BRDA:221,17,1,4
BRDA:252,18,0,1
BRDA:252,18,1,3
BRDA:256,19,0,1
BRDA:256,19,1,2
BRDA:271,20,0,2
BRDA:271,20,1,1
BRDA:274,21,0,1
BRDA:274,21,1,1
BRDA:278,22,0,0
BRDA:278,22,1,0
BRDA:285,23,0,1
BRDA:285,23,1,19
BRDA:302,24,0,1
BRDA:302,24,1,10
BRDA:304,25,0,1
BRDA:304,25,1,9
BRDA:305,26,0,2
BRDA:305,26,1,8
BRDA:306,27,0,3
BRDA:306,27,1,7
BRDA:307,28,0,4
BRDA:307,28,1,6
BRDA:314,29,0,1
BRDA:314,29,1,1
BRDA:314,30,0,2
BRDA:314,30,1,1
BRDA:349,31,0,209
BRDA:349,31,1,71
BRDA:346,32,0,209
BRDA:346,32,1,71
BRDA:355,33,0,14
BRDA:355,33,1,262
BRDA:355,34,0,276
BRDA:355,34,1,14
BRDA:369,35,0,138
BRDA:369,35,1,138
BRDA:387,36,0,1
BRDA:387,36,1,275
BRDA:393,37,0,1
BRDA:393,37,1,275
BRDA:403,38,0,41
BRDA:403,38,1,168
BRDA:406,39,0,4
BRDA:406,39,1,37
BRDA:413,40,0,41
BRDA:413,40,1,25
BRDA:417,41,0,41
BRDA:417,41,1,36
BRDA:420,42,0,5
BRDA:420,42,1,36
BRDA:435,43,0,41
BRDA:435,43,1,25
BRDA:434,44,0,41
BRDA:434,44,1,25
BRDA:444,45,0,41
BRDA:444,45,1,25
BRDA:443,46,0,41
BRDA:443,46,1,25
BRDA:454,47,0,41
BRDA:454,47,1,25
BRDA:453,48,0,41
BRDA:453,48,1,25
BRDA:463,49,0,41
BRDA:463,49,1,25
BRDA:462,50,0,41
BRDA:462,50,1,25
BRDA:471,51,0,41
BRDA:471,51,1,25
BRDA:470,52,0,41
BRDA:470,52,1,25
BRDA:484,53,0,41
BRDA:484,53,1,25
BRDA:482,54,0,41
BRDA:482,54,1,25
BRDA:492,55,0,31
BRDA:492,55,1,17
BRDA:494,56,0,0
BRDA:494,56,1,31
BRDA:519,57,0,31
BRDA:519,57,1,17
BRDA:536,58,0,16
BRDA:536,58,1,15
BRDA:551,59,0,16
BRDA:551,59,1,14
BRDA:539,60,0,16
BRDA:539,60,1,14
BRDA:555,61,0,16
BRDA:555,61,1,14
BRDA:558,62,0,3
BRDA:558,62,1,12
BRDA:562,63,0,3
BRDA:562,63,1,3
BRDA:566,64,0,3
BRDA:566,64,1,3
BRDA:572,65,0,3
BRDA:572,65,1,3
BRDA:569,66,0,3
BRDA:569,66,1,3
BRDA:578,67,0,3
BRDA:578,67,1,3
BRDA:575,68,0,3
BRDA:575,68,1,3
BRDA:582,69,0,3
BRDA:582,69,1,3
BRDA:586,70,0,3
BRDA:586,70,1,3
BRDA:589,71,0,5
BRDA:589,71,1,7
BRDA:595,72,0,5
BRDA:595,72,1,3
BRDA:592,73,0,5
BRDA:592,73,1,3
BRDA:599,74,0,5
BRDA:599,74,1,3
BRDA:603,75,0,5
BRDA:603,75,1,3
BRDA:607,76,0,5
BRDA:607,76,1,3
BRDA:611,77,0,5
BRDA:611,77,1,3
BRDA:614,78,0,7
BRDA:614,78,1,0
BRDA:621,79,0,7
BRDA:621,79,1,4
BRDA:617,80,0,7
BRDA:617,80,1,4
BRDA:625,81,0,7
BRDA:625,81,1,4
BRDA:631,82,0,7
BRDA:631,82,1,4
BRDA:628,83,0,7
BRDA:628,83,1,4
BRDA:640,84,0,13
BRDA:640,84,1,28
BRDA:653,85,0,14
BRDA:653,85,1,154
BRDA:656,86,0,14
BRDA:656,86,1,154
BRDA:659,87,0,14
BRDA:665,88,0,14
BRDA:665,88,1,7
BRDA:667,89,0,13
BRDA:667,89,1,1
BRDA:669,90,0,13
BRDA:669,90,1,11
BRDA:672,91,0,13
BRDA:672,91,1,7
BRDA:679,92,0,1
BRDA:679,92,1,1
BRDA:722,93,0,154
BRDA:722,93,1,14
BRDA:687,94,0,154
BRDA:687,94,1,71
BRDA:691,95,0,3
BRDA:721,96,0,3
BRDA:721,96,1,3
BRDA:700,97,0,0
BRDA:700,97,1,6
BRDA:700,98,0,0
BRDA:700,98,1,6
BRDA:700,99,0,0
BRDA:700,99,1,6
BRDA:705,100,0,0
BRDA:705,100,1,6
BRDA:706,101,0,0
BRDA:706,101,1,6
BRDA:707,102,0,0
BRDA:707,102,1,6
BRDA:717,103,0,0
BRDA:717,103,1,6
BRDA:726,104,0,4
BRDA:726,105,0,168
BRDA:726,105,1,5
BRDA:771,106,0,4
BRDA:771,106,1,3
BRDA:731,107,0,4
BRDA:731,107,1,0
BRDA:731,108,0,0
BRDA:731,108,1,0
BRDA:731,109,0,0
BRDA:731,109,1,0
BRDA:738,110,0,4
BRDA:738,110,1,0
BRDA:739,111,0,4
BRDA:739,111,1,2
BRDA:753,112,0,0
BRDA:753,112,1,4
BRDA:762,113,0,2
BRDA:762,113,1,2
BRDA:762,114,0,1
BRDA:762,114,1,1
BRDA:768,115,0,0
BRDA:768,115,1,4
BRDA:769,116,0,0
BRDA:769,116,1,0
BRF:232
BRH:204
end_of_record
TN:
SF:src/views/PoliciesView.vue
FN:29,(anonymous_0)
FN:44,loadGroupsForSite
FN:57,loadPolicy
FN:74,savePolicy
FN:91,onScopeChange
FN:100,onSiteChange
FN:111,onGroupChange
FN:118,openEdit
FN:123,cancelEdit
FN:126,boolLabel
FN:127,boolClass
FN:128,modeClass
FN:146,(anonymous_12)
FN:151,(anonymous_13)
FN:160,(anonymous_14)
FN:165,(anonymous_15)
FN:171,(anonymous_16)
FN:177,(anonymous_17)
FN:218,(anonymous_18)
FN:219,(anonymous_19)
FN:229,(anonymous_20)
FN:230,(anonymous_21)
FN:243,(anonymous_22)
FN:250,(anonymous_23)
FN:271,(anonymous_24)
FN:278,(anonymous_25)
FN:298,(anonymous_26)
FN:305,(anonymous_27)
FNF:28
FNH:23
FNDA:36,(anonymous_0)
FNDA:40,loadGroupsForSite
FNDA:48,loadPolicy
FNDA:5,savePolicy
FNDA:4,onScopeChange
FNDA:2,onSiteChange
FNDA:1,onGroupChange
FNDA:11,openEdit
FNDA:2,cancelEdit
FNDA:359,boolLabel
FNDA:359,boolClass
FNDA:105,modeClass
FNDA:1,(anonymous_12)
FNDA:1,(anonymous_13)
FNDA:0,(anonymous_14)
FNDA:310,(anonymous_15)
FNDA:0,(anonymous_16)
FNDA:32,(anonymous_17)
FNDA:0,(anonymous_18)
FNDA:36,(anonymous_19)
FNDA:0,(anonymous_20)
FNDA:36,(anonymous_21)
FNDA:189,(anonymous_22)
FNDA:1,(anonymous_23)
FNDA:252,(anonymous_24)
FNDA:0,(anonymous_25)
FNDA:189,(anonymous_26)
FNDA:1,(anonymous_27)
DA:9,36
DA:13,36
DA:16,36
DA:17,36
DA:18,36
DA:19,36
DA:21,36
DA:22,36
DA:23,36
DA:24,36
DA:25,36
DA:26,36
DA:29,36
DA:30,36
DA:31,36
DA:32,36
DA:33,36
DA:34,36
DA:35,36
DA:36,36
DA:39,36
DA:45,40
DA:46,39
DA:47,39
DA:48,39
DA:49,39
DA:50,39
DA:52,39
DA:58,48
DA:62,48
DA:64,47
DA:65,47
DA:66,47
DA:67,47
DA:68,47
DA:70,47
DA:75,5
DA:76,4
DA:79,5
DA:81,3
DA:82,3
DA:83,3
DA:84,3
DA:86,3
DA:92,4
DA:93,4
DA:94,4
DA:95,2
DA:97,4
DA:101,2
DA:102,2
DA:103,2
DA:104,2
DA:105,2
DA:106,1
DA:108,2
DA:112,1
DA:113,1
DA:114,1
DA:119,11
DA:120,10
DA:123,2
DA:126,359
DA:127,359
DA:129,105
DA:134,191
DA:136,1
DA:142,1
DA:144,1
DA:146,1
DA:151,1
DA:160,0
DA:165,310
DA:171,0
DA:177,32
DA:212,1
DA:216,1
DA:218,0
DA:219,36
DA:227,1
DA:229,0
DA:230,36
DA:238,189
DA:247,1
DA:250,1
DA:263,1
DA:265,252
DA:275,1
DA:278,0
DA:296,1
DA:297,189
DA:302,1
DA:305,1
LF:93
LH:88
BRDA:33,0,0,36
BRDA:33,0,1,0
BRDA:45,1,0,1
BRDA:45,1,1,39
BRDA:50,2,0,38
BRDA:50,2,1,1
BRDA:58,3,0,43
BRDA:58,3,1,5
BRDA:59,4,0,42
BRDA:59,4,1,1
BRDA:60,5,0,5
BRDA:60,5,1,0
BRDA:62,6,0,1
BRDA:62,6,1,47
BRDA:75,7,0,1
BRDA:75,7,1,4
BRDA:76,8,0,4
BRDA:76,8,1,0
BRDA:77,9,0,3
BRDA:77,9,1,1
BRDA:78,10,0,0
BRDA:78,10,1,0
BRDA:79,11,0,1
BRDA:79,11,1,4
BRDA:94,12,0,2
BRDA:94,12,1,2
BRDA:94,13,0,4
BRDA:94,13,1,2
BRDA:105,14,0,1
BRDA:105,14,1,1
BRDA:119,15,0,1
BRDA:119,15,1,10
BRDA:126,16,0,256
BRDA:126,16,1,103
BRDA:127,17,0,256
BRDA:127,17,1,103
BRDA:129,18,0,52
BRDA:129,18,1,53
BRDA:129,19,0,52
BRDA:129,19,1,1
BRDA:205,20,0,191
BRDA:205,20,1,36
BRDA:146,21,0,191
BRDA:146,21,1,36
BRDA:147,22,0,173
BRDA:147,22,1,18
BRDA:151,23,0,191
BRDA:151,23,1,36
BRDA:152,24,0,18
BRDA:152,24,1,173
BRDA:159,25,0,155
BRDA:159,25,1,36
BRDA:160,26,0,155
BRDA:160,26,1,36
BRDA:170,27,0,18
BRDA:170,27,1,173
BRDA:171,28,0,18
BRDA:171,28,1,7
BRDA:173,29,0,18
BRDA:173,29,1,18
BRDA:176,30,0,2
BRDA:176,30,1,16
BRDA:181,31,0,88
BRDA:181,31,1,103
BRDA:181,32,0,191
BRDA:181,32,1,103
BRDA:186,33,0,88
BRDA:186,33,1,36
BRDA:189,34,0,15
BRDA:194,35,0,15
BRDA:194,35,1,9
BRDA:201,36,0,6
BRDA:201,36,1,9
BRDA:207,37,0,122
BRDA:207,37,1,69
BRDA:207,38,0,191
BRDA:207,38,1,83
BRDA:207,38,2,72
BRDA:209,39,0,63
BRDA:209,39,1,6
BRDA:209,40,0,69
BRDA:209,40,1,6
BRDA:260,41,0,63
BRDA:260,41,1,36
BRDA:224,42,0,63
BRDA:224,42,1,36
BRDA:218,43,0,12
BRDA:218,43,1,51
BRDA:218,44,0,12
BRDA:218,44,1,9
BRDA:235,45,0,63
BRDA:235,45,1,36
BRDA:229,46,0,12
BRDA:229,46,1,51
BRDA:229,47,0,12
BRDA:229,47,1,9
BRDA:249,48,0,36
BRDA:249,48,1,153
BRDA:251,49,0,23
BRDA:251,49,1,13
BRDA:255,50,0,23
BRDA:255,50,1,13
BRDA:288,51,0,63
BRDA:288,51,1,36
BRDA:277,52,0,48
BRDA:277,52,1,204
BRDA:279,53,0,36
BRDA:279,53,1,12
BRDA:283,54,0,36
BRDA:283,54,1,12
BRDA:292,55,0,63
BRDA:292,56,0,63
BRDA:292,56,1,0
BRDA:292,57,0,63
BRDA:292,57,1,51
BRDA:316,58,0,63
BRDA:316,58,1,36
BRDA:298,59,0,63
BRDA:298,59,1,0
BRDA:298,60,0,63
BRDA:298,60,1,51
BRDA:304,61,0,36
BRDA:304,61,1,153
BRDA:306,62,0,23
BRDA:306,62,1,13
BRDA:310,63,0,23
BRDA:310,63,1,13
BRDA:311,64,0,102
BRDA:311,64,1,51
BRDA:312,65,0,102
BRDA:312,65,1,51
BRDA:321,66,0,1
BRDA:321,66,1,5
BRDA:321,67,0,6
BRDA:321,67,1,4
BRF:135
BRH:128
end_of_record
TN:
SF:src/views/RateLimitView.vue
FN:14,fetchConfig
FN:26,saveConfig
FN:40,(anonymous_2)
FN:81,(anonymous_3)
FN:103,(anonymous_4)
FN:106,(anonymous_5)
FN:107,(anonymous_6)
FNF:7
FNH:6
FNDA:19,fetchConfig
FNDA:5,saveConfig
FNDA:18,(anonymous_2)
FNDA:1,(anonymous_3)
FNDA:0,(anonymous_4)
FNDA:186,(anonymous_5)
FNDA:1,(anonymous_6)
DA:7,18
DA:8,18
DA:9,18
DA:11,18
DA:12,18
DA:15,19
DA:16,19
DA:17,19
DA:18,19
DA:19,19
DA:20,19
DA:22,19
DA:27,5
DA:28,5
DA:29,5
DA:30,5
DA:31,5
DA:32,5
DA:34,5
DA:38,18
DA:40,18
DA:44,50
DA:45,1
DA:63,1
DA:64,1
DA:65,1
DA:75,1
DA:81,1
DA:93,1
DA:94,1
DA:96,1
DA:99,0
DA:104,1
DA:105,186
DA:107,1
DA:128,1
DA:131,1
DA:132,1
DA:138,1
DA:139,1
DA:142,1
DA:143,1
LF:42
LH:41
BRDA:54,0,0,50
BRDA:54,0,1,18
BRDA:51,1,0,19
BRDA:51,1,1,31
BRDA:56,2,0,19
BRDA:56,2,1,31
BRDA:59,3,0,19
BRDA:59,3,1,18
BRDA:61,4,0,31
BRDA:68,5,0,31
BRDA:68,5,1,18
BRDA:90,6,0,31
BRDA:90,6,1,18
BRDA:81,7,0,31
BRDA:81,7,1,18
BRDA:83,8,0,24
BRDA:83,8,1,7
BRDA:87,9,0,24
BRDA:87,9,1,7
BRDA:97,10,0,31
BRDA:97,10,1,18
BRDA:103,11,0,31
BRDA:103,11,1,18
BRDA:110,12,0,31
BRDA:110,12,1,155
BRDA:123,13,0,5
BRDA:123,13,1,26
BRDA:155,14,0,31
BRDA:155,14,1,18
BRDA:133,15,0,26
BRDA:133,15,1,5
BRDA:134,16,0,26
BRDA:134,16,1,5
BRDA:134,17,0,31
BRDA:134,17,1,18
BRDA:139,18,0,31
BRDA:139,18,1,18
BRDA:143,19,0,31
BRDA:143,19,1,18
BRDA:148,20,0,31
BRDA:148,20,1,18
BRF:41
BRH:41
end_of_record
TN:
SF:src/views/RecordingProxyView.vue
FN:28,emptyAuth
FN:35,fetchAll
FN:67,saveConfig
FN:72,(anonymous_3)
FN:73,(anonymous_4)
FN:88,clearRecordings
FN:99,toggleVendor
FN:106,(anonymous_7)
FN:108,(anonymous_8)
FN:111,(anonymous_9)
FN:112,(anonymous_10)
FN:115,(anonymous_11)
FN:117,methodClass
FN:128,statusClass
FN:135,vendorBadgeClass
FN:149,authLabel
FN:159,(anonymous_16)
FN:200,(anonymous_17)
FN:202,(anonymous_18)
FN:270,(anonymous_19)
FN:274,(anonymous_20)
FN:280,(anonymous_21)
FN:304,(anonymous_22)
FN:322,(anonymous_23)
FN:335,(anonymous_24)
FN:345,(anonymous_25)
FN:354,(anonymous_26)
FN:369,(anonymous_27)
FN:378,(anonymous_28)
FN:388,(anonymous_29)
FN:402,(anonymous_30)
FN:411,(anonymous_31)
FN:435,(anonymous_32)
FN:434,(anonymous_33)
FN:466,(anonymous_34)
FNF:35
FNH:20
FNDA:84,emptyAuth
FNDA:12,fetchAll
FNDA:1,saveConfig
FNDA:8,(anonymous_3)
FNDA:1,(anonymous_4)
FNDA:1,clearRecordings
FNDA:0,toggleVendor
FNDA:12,(anonymous_7)
FNDA:0,(anonymous_8)
FNDA:12,(anonymous_9)
FNDA:96,(anonymous_10)
FNDA:12,(anonymous_11)
FNDA:32,methodClass
FNDA:32,statusClass
FNDA:40,vendorBadgeClass
FNDA:1,authLabel
FNDA:11,(anonymous_16)
FNDA:51,(anonymous_17)
FNDA:1,(anonymous_18)
FNDA:8,(anonymous_19)
FNDA:0,(anonymous_20)
FNDA:0,(anonymous_21)
FNDA:0,(anonymous_22)
FNDA:0,(anonymous_23)
FNDA:0,(anonymous_24)
FNDA:0,(anonymous_25)
FNDA:0,(anonymous_26)
FNDA:0,(anonymous_27)
FNDA:0,(anonymous_28)
FNDA:0,(anonymous_29)
FNDA:0,(anonymous_30)
FNDA:0,(anonymous_31)
FNDA:0,(anonymous_32)
FNDA:136,(anonymous_33)
FNDA:32,(anonymous_34)
DA:7,11
DA:8,11
DA:9,11
DA:10,11
DA:11,11
DA:12,11
DA:14,11
DA:23,11
DA:26,11
DA:29,84
DA:30,36
DA:31,12
DA:32,0
DA:36,12
DA:37,12
DA:38,12
DA:43,12
DA:44,12
DA:45,12
DA:46,12
DA:49,12
DA:50,12
DA:51,96
DA:52,96
DA:61,12
DA:63,12
DA:68,1
DA:69,1
DA:71,1
DA:72,8
DA:73,1
DA:80,1
DA:81,1
DA:82,1
DA:84,1
DA:89,1
DA:90,1
DA:91,1
DA:92,1
DA:93,1
DA:95,1
DA:100,0
DA:101,0
DA:102,0
DA:106,11
DA:107,12
DA:108,0
DA:111,11
DA:112,96
DA:115,12
DA:118,32
DA:125,32
DA:129,32
DA:130,0
DA:131,0
DA:132,0
DA:136,40
DA:146,40
DA:150,1
DA:156,1
DA:159,11
DA:163,29
DA:165,1
DA:184,1
DA:186,1
DA:187,1
DA:188,1
DA:198,1
DA:199,51
DA:202,1
DA:223,1
DA:226,1
DA:227,1
DA:240,1
DA:241,1
DA:244,1
DA:245,1
DA:269,1
DA:270,8
DA:274,0
DA:276,1
DA:280,0
DA:283,1
DA:300,0
DA:308,1
DA:309,1
DA:318,0
DA:331,0
DA:337,1
DA:341,0
DA:350,0
DA:361,1
DA:365,0
DA:374,0
DA:384,0
DA:398,0
DA:407,0
DA:421,1
DA:422,1
DA:423,1
DA:424,1
DA:426,1
DA:430,0
DA:434,136
DA:453,1
DA:465,32
DA:470,1
DA:476,1
DA:482,1
DA:492,1
DA:493,1
LF:111
LH:90
BRDA:29,0,0,48
BRDA:29,0,1,36
BRDA:30,1,0,24
BRDA:30,1,1,12
BRDA:31,2,0,12
BRDA:31,2,1,0
BRDA:53,3,0,96
BRDA:53,3,1,84
BRDA:54,4,0,12
BRDA:54,4,1,84
BRDA:57,5,0,96
BRDA:57,5,1,84
BRDA:72,6,0,8
BRDA:72,6,1,1
BRDA:93,7,0,1
BRDA:93,7,1,0
BRDA:101,8,0,0
BRDA:101,8,1,0
BRDA:107,9,0,12
BRDA:107,9,1,0
BRDA:112,10,0,96
BRDA:112,10,1,12
BRDA:125,11,0,32
BRDA:125,11,1,0
BRDA:129,12,0,32
BRDA:129,12,1,0
BRDA:130,13,0,0
BRDA:130,13,1,0
BRDA:131,14,0,0
BRDA:131,14,1,0
BRDA:146,15,0,40
BRDA:146,15,1,0
BRDA:156,16,0,1
BRDA:156,16,1,0
BRDA:174,17,0,29
BRDA:174,17,1,11
[...]
DA:6,27
DA:7,27
DA:8,27
DA:9,27
DA:10,27
DA:11,27
DA:14,24
DA:15,22
DA:16,22
DA:17,22
DA:18,22
DA:19,22
DA:20,22
DA:22,17
DA:23,17
DA:24,19
DA:25,19
DA:26,19
DA:27,19
DA:29,17
DA:30,17
DA:31,60
DA:32,24
DA:34,5
DA:36,22
DA:42,73
DA:44,1
DA:52,1
DA:53,1
DA:55,0
DA:82,1
DA:83,1
DA:85,1
DA:86,1
DA:88,1
DA:89,60
DA:97,1
DA:98,31
DA:99,120
LF:39
LH:38
BRDA:14,0,0,2
BRDA:14,0,1,22
BRDA:25,1,0,18
BRDA:25,1,1,1
BRDA:26,2,0,19
BRDA:26,2,1,1
BRDA:27,3,0,2
BRDA:27,3,1,17
BRDA:30,4,0,17
BRDA:30,4,1,1
BRDA:31,5,0,24
BRDA:31,5,1,1
BRDA:34,6,0,4
BRDA:34,6,1,1
BRDA:45,7,0,73
BRDA:45,7,1,27
BRDA:48,8,0,73
BRDA:48,8,1,27
BRDA:61,9,0,73
BRDA:61,9,1,27
BRDA:68,10,0,22
BRDA:68,10,1,51
BRDA:76,11,0,5
BRDA:76,11,1,68
BRDA:81,12,0,16
BRDA:103,13,0,120
BRDA:103,13,1,0
BRDA:111,14,0,30
BRDA:111,14,1,43
BRDA:111,15,0,73
BRDA:111,15,1,51
BRDA:111,15,2,35
BRF:32
BRH:31
end_of_record
TN:
SF:src/views/xdr/XdrAlertsView.vue
FN:17,severityBadgeClass
FN:27,(anonymous_1)
FN:30,(anonymous_2)
FN:33,(anonymous_3)
FN:38,(anonymous_4)
FN:46,fetchAlerts
FN:57,(anonymous_6)
FN:70,(anonymous_7)
FN:84,(anonymous_8)
FN:88,(anonymous_9)
FN:87,(anonymous_10)
FN:113,(anonymous_11)
FNF:12
FNH:9
FNDA:63,severityBadgeClass
FNDA:39,(anonymous_1)
FNDA:6,(anonymous_2)
FNDA:4,(anonymous_3)
FNDA:36,(anonymous_4)
FNDA:18,fetchAlerts
FNDA:18,(anonymous_6)
FNDA:0,(anonymous_7)
FNDA:0,(anonymous_8)
FNDA:0,(anonymous_9)
FNDA:42,(anonymous_10)
FNDA:58,(anonymous_11)
DA:10,18
DA:11,18
DA:12,18
DA:14,18
DA:15,18
DA:18,63
DA:19,20
DA:20,22
DA:21,19
DA:22,1
DA:23,1
DA:27,18
DA:28,39
DA:29,39
DA:30,6
DA:32,39
DA:33,4
DA:35,39
DA:38,18
DA:39,36
DA:40,36
DA:41,54
DA:43,36
DA:47,18
DA:48,18
DA:49,18
DA:50,18
DA:51,18
DA:53,18
DA:57,18
DA:61,57
DA:63,1
DA:70,0
DA:77,1
DA:78,0
DA:85,0
DA:87,42
DA:89,1
DA:95,1
DA:96,1
DA:112,58
DA:116,1
DA:117,1
DA:119,1
DA:120,1
DA:125,1
DA:131,1
DA:132,1
DA:133,1
DA:134,1
DA:135,1
DA:136,1
DA:138,1
LF:53
LH:50
BRDA:18,0,0,20
BRDA:18,0,1,22
BRDA:18,0,2,19
BRDA:18,0,3,1
BRDA:18,0,4,1
BRDA:18,1,0,63
BRDA:18,1,1,0
BRDA:29,2,0,2
BRDA:29,2,1,37
BRDA:30,3,0,6
BRDA:30,3,1,0
BRDA:32,4,0,2
BRDA:32,4,1,37
BRDA:41,5,0,54
BRDA:41,5,1,0
BRDA:50,6,0,18
BRDA:50,6,1,0
BRDA:51,7,0,18
BRDA:51,7,1,1
BRDA:74,8,0,57
BRDA:74,8,1,18
BRDA:70,9,0,57
BRDA:70,9,1,18
BRDA:71,10,0,18
BRDA:71,10,1,39
BRDA:84,11,0,57
BRDA:84,11,1,18
BRDA:88,12,0,57
BRDA:88,12,1,18
BRDA:86,13,0,57
BRDA:86,13,1,18
BRDA:142,14,0,57
BRDA:142,14,1,18
BRDA:110,15,0,18
BRDA:110,15,1,39
BRDA:110,16,0,57
BRDA:110,16,1,18
BRDA:121,17,0,0
BRDA:121,17,1,58
BRDA:131,18,0,58
BRDA:131,18,1,0
BRDA:132,19,0,58
BRDA:132,19,1,0
BRDA:133,20,0,58
BRDA:133,20,1,0
BRDA:135,21,0,58
BRDA:135,21,1,0
BRDA:136,22,0,58
BRDA:136,22,1,58
BRDA:145,23,0,18
BRDA:145,23,1,39
BRDA:145,24,0,57
BRDA:145,24,1,39
BRF:53
BRH:44
end_of_record
TN:
SF:src/views/xdr/XdrDashboardView.vue
FN:28,(anonymous_0)
FN:34,(anonymous_1)
FN:41,(anonymous_2)
FN:43,(anonymous_3)
FN:43,(anonymous_4)
FN:50,(anonymous_5)
FN:66,(anonymous_6)
FN:94,severityBadgeClass
FN:104,fetchAll
FN:129,(anonymous_9)
FN:134,(anonymous_10)
FN:147,(anonymous_11)
FN:161,(anonymous_12)
FN:212,(anonymous_13)
FN:217,(anonymous_14)
FN:221,(anonymous_15)
FN:242,(anonymous_16)
FN:247,(anonymous_17)
FNF:18
FNH:16
FNDA:41,(anonymous_0)
FNDA:18,(anonymous_1)
FNDA:72,(anonymous_2)
FNDA:72,(anonymous_3)
FNDA:36,(anonymous_4)
FNDA:19,(anonymous_5)
FNDA:19,(anonymous_6)
FNDA:79,severityBadgeClass
FNDA:23,fetchAll
FNDA:22,(anonymous_9)
FNDA:0,(anonymous_10)
FNDA:0,(anonymous_11)
FNDA:138,(anonymous_12)
FNDA:22,(anonymous_13)
FNDA:36,(anonymous_14)
FNDA:36,(anonymous_15)
FNDA:22,(anonymous_16)
FNDA:38,(anonymous_17)
DA:13,22
DA:15,22
DA:16,22
DA:18,22
DA:19,22
DA:20,22
DA:22,22
DA:23,22
DA:24,22
DA:28,41
DA:34,22
DA:35,18
DA:36,18
DA:37,36
DA:38,36
DA:40,18
DA:41,72
DA:43,72
DA:50,22
DA:51,19
DA:52,19
DA:53,38
DA:54,38
DA:56,19
DA:66,22
DA:67,19
DA:68,19
DA:69,38
DA:70,38
DA:72,19
DA:82,22
DA:95,79
DA:96,19
DA:97,38
DA:98,20
DA:99,1
DA:100,1
DA:105,23
DA:106,23
DA:107,23
DA:108,23
DA:114,20
DA:115,23
DA:117,23
DA:118,23
DA:120,23
DA:121,23
DA:123,3
DA:125,23
DA:129,22
DA:130,22
DA:131,22
DA:134,22
DA:138,46
DA:140,1
DA:147,0
DA:159,1
DA:160,138
DA:164,1
DA:166,1
DA:167,1
DA:177,1
DA:178,1
DA:180,1
DA:187,1
DA:189,1
DA:196,1
DA:198,1
DA:207,1
DA:209,1
DA:210,1
DA:212,22
DA:216,36
DA:221,1
DA:222,1
DA:229,36
DA:230,1
DA:239,1
DA:240,1
DA:242,22
DA:246,38
DA:250,1
DA:251,1
DA:259,1
LF:84
LH:83
BRDA:37,0,0,36
BRDA:37,0,1,0
BRDA:38,1,0,36
BRDA:38,1,1,0
BRDA:53,2,0,38
BRDA:53,2,1,0
BRDA:54,3,0,38
BRDA:54,3,1,38
BRDA:69,4,0,38
BRDA:69,4,1,0
BRDA:70,5,0,38
BRDA:70,5,1,38
BRDA:95,6,0,19
BRDA:95,6,1,38
BRDA:95,6,2,20
BRDA:95,6,3,1
BRDA:95,6,4,1
BRDA:95,7,0,79
BRDA:95,7,1,0
BRDA:114,8,0,20
BRDA:114,8,1,0
BRDA:115,9,0,23
BRDA:115,9,1,1
BRDA:117,10,0,23
BRDA:117,10,1,0
BRDA:118,11,0,23
BRDA:118,11,1,1
BRDA:120,12,0,23
BRDA:120,12,1,0
BRDA:121,13,0,23
BRDA:121,13,1,1
BRDA:123,14,0,2
BRDA:123,14,1,1
BRDA:151,15,0,46
BRDA:151,15,1,22
BRDA:147,16,0,46
BRDA:147,16,1,22
BRDA:148,17,0,23
BRDA:148,17,1,23
BRDA:154,18,0,3
BRDA:154,18,1,43
BRDA:185,19,0,46
BRDA:185,19,1,22
BRDA:184,20,0,18
BRDA:184,20,1,28
BRDA:184,21,0,46
BRDA:184,21,1,23
BRDA:181,22,0,5
BRDA:181,22,1,23
BRDA:194,23,0,46
BRDA:194,23,1,22
BRDA:193,24,0,19
BRDA:193,24,1,27
BRDA:193,25,0,46
BRDA:193,25,1,23
BRDA:190,26,0,4
BRDA:190,26,1,23
BRDA:203,27,0,46
BRDA:203,27,1,22
BRDA:202,28,0,19
BRDA:202,28,1,27
BRDA:202,29,0,46
BRDA:202,29,1,23
BRDA:199,30,0,4
BRDA:199,30,1,23
BRDA:213,31,0,46
BRDA:213,31,1,22
BRDA:212,32,0,22
BRDA:212,32,1,22
BRDA:214,33,0,23
BRDA:214,33,1,23
BRDA:222,34,0,36
BRDA:222,34,1,0
BRDA:233,35,0,5
BRDA:233,35,1,41
BRDA:233,36,0,46
BRDA:233,36,1,23
BRDA:243,37,0,46
BRDA:243,37,1,22
BRDA:242,38,0,22
BRDA:242,38,1,22
BRDA:244,39,0,23
BRDA:244,39,1,23
BRDA:262,40,0,4
BRDA:262,40,1,42
BRDA:262,41,0,46
BRDA:262,41,1,23
BRF:87
BRH:78
end_of_record
TN:
SF:src/views/xdr/XdrEndpointDetailView.vue
FN:18,statusBadgeClass
FN:27,isolationBadgeClass
FN:36,performAction
FN:56,(anonymous_3)
FN:70,(anonymous_4)
FN:100,(anonymous_5)
FN:103,(anonymous_6)
FN:106,(anonymous_7)
FN:112,(anonymous_8)
FN:147,(anonymous_9)
FN:173,(anonymous_10)
FN:186,(anonymous_11)
FNF:12
FNH:10
FNDA:35,statusBadgeClass
FNDA:34,isolationBadgeClass
FNDA:8,performAction
FNDA:19,(anonymous_3)
FNDA:0,(anonymous_4)
FNDA:1,(anonymous_5)
FNDA:1,(anonymous_6)
FNDA:1,(anonymous_7)
FNDA:496,(anonymous_8)
FNDA:465,(anonymous_9)
FNDA:31,(anonymous_10)
FNDA:0,(anonymous_11)
DA:10,19
DA:11,19
DA:12,19
DA:14,19
DA:15,19
DA:16,19
DA:19,35
DA:20,32
DA:21,1
DA:22,1
DA:23,1
DA:28,34
DA:29,1
DA:31,2
DA:32,31
DA:37,8
DA:38,7
DA:39,7
DA:40,7
DA:41,2
DA:42,5
DA:43,2
DA:45,3
DA:48,7
DA:49,7
DA:50,8
DA:52,7
DA:56,19
DA:57,19
DA:58,19
DA:59,19
DA:60,19
DA:62,19
DA:68,52
DA:70,0
DA:78,1
DA:79,1
DA:80,1
DA:83,1
DA:84,1
DA:85,1
DA:99,1
DA:100,1
DA:103,1
DA:106,1
DA:111,1
DA:112,496
DA:130,1
DA:131,1
DA:137,1
DA:142,1
DA:143,1
DA:146,1
DA:147,465
DA:164,1
DA:165,1
DA:172,1
DA:173,31
DA:186,0
LF:59
LH:57
BRDA:19,0,0,32
BRDA:19,0,1,1
BRDA:19,0,2,1
BRDA:19,0,3,1
BRDA:19,1,0,35
BRDA:19,1,1,0
BRDA:28,2,0,1
BRDA:28,2,1,1
BRDA:28,2,2,2
BRDA:28,2,3,31
BRDA:28,3,0,34
BRDA:28,3,1,0
BRDA:37,4,0,1
BRDA:37,4,1,7
BRDA:40,5,0,2
BRDA:40,5,1,5
BRDA:42,6,0,2
BRDA:42,6,1,3
BRDA:49,7,0,7
BRDA:49,7,1,0
BRDA:50,8,0,7
BRDA:50,8,1,1
BRDA:59,9,0,19
BRDA:59,9,1,0
BRDA:60,10,0,17
BRDA:60,10,1,2
BRDA:70,11,0,52
BRDA:70,11,1,19
BRDA:71,12,0,52
BRDA:71,12,1,19
BRDA:74,13,0,19
BRDA:74,13,1,33
BRDA:76,14,0,31
BRDA:76,14,1,2
BRDA:81,15,0,31
BRDA:81,15,1,0
BRDA:92,16,0,31
BRDA:92,16,1,0
BRDA:100,17,0,31
BRDA:100,17,1,17
BRDA:101,18,0,31
BRDA:101,18,1,17
BRDA:103,19,0,31
BRDA:103,19,1,17
BRDA:104,20,0,31
BRDA:104,20,1,17
BRDA:106,21,0,31
BRDA:106,21,1,17
BRDA:107,22,0,31
BRDA:107,22,1,17
BRDA:112,23,0,31
BRDA:112,23,1,0
BRDA:131,24,0,496
BRDA:131,24,1,124
BRDA:181,25,0,31
BRDA:181,25,1,17
BRDA:168,26,0,31
BRDA:168,26,1,17
BRDA:147,27,0,31
BRDA:147,27,1,0
BRDA:147,28,0,31
BRDA:147,28,1,31
BRDA:165,29,0,465
BRDA:165,29,1,93
BRDA:170,30,0,31
BRDA:170,31,0,31
BRDA:170,31,1,31
BRDA:178,32,0,31
BRDA:178,32,1,17
BRDA:187,33,0,2
BRDA:187,33,1,2
BRDA:186,34,0,2
BRDA:186,34,1,2
BRF:73
BRH:65
end_of_record
TN:
SF:src/views/xdr/XdrEndpointsView.vue
FN:20,(anonymous_0)
FN:21,(anonymous_1)
FN:24,toggleAll
FN:28,(anonymous_3)
FN:32,toggleSelect
FN:39,relativeTime
FN:48,statusBadgeClass
FN:57,isolationBadgeClass
FN:66,(anonymous_8)
FN:69,(anonymous_9)
FN:72,(anonymous_10)
FN:77,fetchEndpoints
FN:88,performAction
FN:107,(anonymous_13)
FN:120,(anonymous_14)
FN:133,(anonymous_15)
FN:139,(anonymous_16)
FN:147,(anonymous_17)
FN:150,(anonymous_18)
FN:153,(anonymous_19)
FN:180,(anonymous_20)
FN:183,(anonymous_21)
FN:185,(anonymous_22)
FN:187,(anonymous_23)
FNF:24
FNH:20
FNDA:100,(anonymous_0)
FNDA:77,(anonymous_1)
FNDA:5,toggleAll
FNDA:12,(anonymous_3)
FNDA:11,toggleSelect
FNDA:212,relativeTime
FNDA:212,statusBadgeClass
FNDA:212,isolationBadgeClass
FNDA:81,(anonymous_8)
FNDA:6,(anonymous_9)
FNDA:4,(anonymous_10)
FNDA:46,fetchEndpoints
FNDA:6,performAction
FNDA:39,(anonymous_13)
FNDA:1,(anonymous_14)
FNDA:0,(anonymous_15)
FNDA:0,(anonymous_16)
FNDA:57,(anonymous_17)
FNDA:1,(anonymous_18)
FNDA:1,(anonymous_19)
FNDA:207,(anonymous_20)
FNDA:0,(anonymous_21)
FNDA:0,(anonymous_22)
FNDA:1,(anonymous_23)
DA:10,39
DA:11,39
DA:12,39
DA:13,39
DA:15,39
DA:16,39
DA:18,39
DA:20,39
DA:21,100
DA:25,5
DA:26,1
DA:28,12
DA:33,11
DA:34,11
DA:35,10
DA:36,11
DA:40,212
DA:41,143
DA:42,143
DA:43,142
DA:44,141
DA:45,140
DA:49,212
DA:50,70
DA:51,71
DA:52,69
DA:53,2
DA:58,212
DA:59,71
DA:61,139
DA:62,2
DA:66,39
DA:67,81
DA:68,81
DA:69,6
DA:71,81
DA:72,4
DA:74,81
DA:78,46
DA:79,46
DA:80,46
DA:81,46
DA:82,46
DA:84,46
DA:89,6
DA:90,5
DA:91,5
DA:92,5
DA:93,5
DA:94,6
DA:95,4
DA:97,2
DA:100,5
DA:101,5
DA:103,5
DA:107,39
DA:111,149
DA:113,1
DA:120,1
DA:127,1
DA:128,0
DA:134,0
DA:140,1
DA:148,1
DA:150,1
DA:153,1
DA:156,57
DA:160,1
DA:161,1
DA:162,1
DA:164,1
DA:179,207
DA:183,0
DA:187,1
DA:190,1
DA:191,1
DA:192,1
DA:194,1
DA:195,1
DA:201,1
DA:204,1
DA:210,1
LF:82
LH:79
BRDA:21,0,0,100
BRDA:21,0,1,61
BRDA:25,1,0,1
BRDA:25,1,1,4
BRDA:34,2,0,1
BRDA:34,2,1,10
BRDA:40,3,0,69
BRDA:40,3,1,143
BRDA:42,4,0,1
BRDA:42,4,1,142
BRDA:43,5,0,1
BRDA:43,5,1,141
BRDA:44,6,0,1
BRDA:44,6,1,140
BRDA:49,7,0,70
BRDA:49,7,1,71
BRDA:49,7,2,69
BRDA:49,7,3,2
BRDA:49,8,0,212
BRDA:49,8,1,1
BRDA:58,9,0,71
BRDA:58,9,1,70
BRDA:58,9,2,139
BRDA:58,9,3,2
BRDA:58,10,0,212
BRDA:58,10,1,1
BRDA:68,11,0,2
BRDA:68,11,1,79
BRDA:69,12,0,6
BRDA:69,12,1,0
BRDA:71,13,0,2
BRDA:71,13,1,79
BRDA:72,14,0,4
BRDA:72,14,1,0
BRDA:81,15,0,46
BRDA:81,15,1,0
BRDA:82,16,0,46
BRDA:82,16,1,0
BRDA:89,17,0,1
BRDA:89,17,1,5
BRDA:94,18,0,4
BRDA:94,18,1,2
BRDA:124,19,0,149
BRDA:124,19,1,39
BRDA:120,20,0,149
BRDA:120,20,1,39
BRDA:121,21,0,51
BRDA:121,21,1,98
BRDA:133,22,0,149
BRDA:133,22,1,39
BRDA:139,23,0,149
BRDA:139,23,1,39
BRDA:147,24,0,11
BRDA:148,25,0,11
BRDA:148,25,1,11
BRDA:150,26,0,11
BRDA:150,26,1,11
BRDA:151,27,0,11
BRDA:151,27,1,11
BRDA:153,28,0,11
BRDA:153,28,1,11
BRDA:154,29,0,11
BRDA:154,29,1,11
BRDA:168,30,0,149
BRDA:168,30,1,39
BRDA:168,31,0,149
BRDA:168,31,1,39
BRDA:169,32,0,149
BRDA:169,32,1,39
BRDA:170,33,0,149
BRDA:170,33,1,39
BRDA:171,34,0,149
BRDA:171,34,1,39
BRDA:172,35,0,149
BRDA:172,35,1,39
BRDA:177,36,0,39
BRDA:177,36,1,110
BRDA:177,37,0,149
BRDA:177,37,1,51
BRDA:182,38,0,20
BRDA:182,38,1,187
BRDA:185,39,0,207
BRDA:185,39,1,39
BRDA:192,40,0,207
BRDA:192,40,1,68
BRDA:202,41,0,137
BRDA:202,41,1,70
BRDA:202,42,0,70
BRDA:202,42,1,0
BRDA:207,43,0,207
BRDA:207,43,1,0
BRDA:217,44,0,39
BRDA:217,44,1,110
BRDA:217,45,0,149
BRDA:217,45,1,98
BRF:95
BRH:89
end_of_record
TN:
SF:src/views/xdr/XdrHashExceptionsView.vue
FN:19,(anonymous_0)
FN:23,fetchData
FN:37,addHash
FN:51,removeHash
FN:60,(anonymous_4)
FN:74,(anonymous_5)
FN:78,(anonymous_6)
FN:95,(anonymous_7)
FN:100,(anonymous_8)
FN:101,(anonymous_9)
FN:104,(anonymous_10)
FN:114,(anonymous_11)
FN:123,(anonymous_12)
FN:145,(anonymous_13)
FN:155,(anonymous_14)
FNF:15
FNH:15
FNDA:67,(anonymous_0)
FNDA:41,fetchData
FNDA:7,addHash
FNDA:4,removeHash
FNDA:30,(anonymous_4)
FNDA:1,(anonymous_5)
FNDA:1,(anonymous_6)
FNDA:1,(anonymous_7)
FNDA:1,(anonymous_8)
FNDA:1,(anonymous_9)
FNDA:1,(anonymous_10)
FNDA:1,(anonymous_11)
FNDA:1,(anonymous_12)
FNDA:124,(anonymous_13)
FNDA:1,(anonymous_14)
DA:10,30
DA:11,30
DA:12,30
DA:13,30
DA:15,30
DA:16,30
DA:17,30
DA:19,30
DA:20,67
DA:24,41
DA:25,41
DA:26,41
DA:30,41
DA:31,41
DA:33,41
DA:38,7
DA:39,5
DA:40,5
DA:41,4
DA:43,1
DA:45,5
DA:46,5
DA:47,5
DA:48,5
DA:52,4
DA:53,3
DA:55,1
DA:57,4
DA:60,30
DA:64,127
DA:66,1
DA:73,1
DA:74,1
DA:78,1
DA:87,1
DA:90,1
DA:92,1
DA:97,1
DA:101,1
DA:104,1
DA:111,1
DA:112,1
DA:114,1
DA:123,1
DA:133,1
DA:145,124
DA:146,1
DA:147,1
DA:149,1
DA:152,1
DA:153,1
DA:155,1
LF:52
LH:52
BRDA:20,0,0,61
BRDA:20,0,1,6
BRDA:30,1,0,41
BRDA:30,1,1,0
BRDA:31,2,0,41
BRDA:31,2,1,0
BRDA:38,3,0,2
BRDA:38,3,1,5
BRDA:40,4,0,4
BRDA:40,4,1,1
BRDA:52,5,0,3
BRDA:52,5,1,1
BRDA:83,6,0,127
BRDA:83,6,1,30
BRDA:74,7,0,127
BRDA:74,7,1,30
BRDA:75,8,0,127
BRDA:75,8,1,30
BRDA:78,9,0,127
BRDA:78,9,1,30
BRDA:79,10,0,41
BRDA:79,10,1,86
BRDA:86,11,0,9
BRDA:88,12,0,9
BRDA:88,12,1,0
BRDA:95,13,0,9
BRDA:95,13,1,6
BRDA:100,14,0,9
BRDA:100,14,1,6
BRDA:101,15,0,9
BRDA:101,15,1,6
BRDA:104,16,0,9
BRDA:104,16,1,6
BRDA:114,17,0,127
BRDA:114,17,1,30
BRDA:116,18,0,117
BRDA:116,18,1,10
BRDA:123,19,0,127
BRDA:123,19,1,30
BRDA:125,20,0,10
BRDA:125,20,1,117
BRDA:165,21,0,127
BRDA:165,21,1,30
BRDA:143,22,0,30
BRDA:143,22,1,97
BRDA:143,23,0,127
BRDA:143,23,1,41
BRDA:150,24,0,124
BRDA:150,24,1,57
BRDA:168,25,0,30
BRDA:168,25,1,97
BRDA:168,26,0,127
BRDA:168,26,1,86
BRF:53
BRH:50
end_of_record
TN:
SF:src/views/xdr/XdrIncidentDetailView.vue
FN:25,severityBadgeClass
FN:35,statusBadgeClass
FN:45,updateStatus
FN:56,assignUser
FN:69,(anonymous_4)
FN:84,(anonymous_5)
FN:111,(anonymous_6)
FN:114,(anonymous_7)
FN:117,(anonymous_8)
FN:120,(anonymous_9)
FN:126,(anonymous_10)
FN:143,(anonymous_11)
FN:153,(anonymous_12)
FN:163,(anonymous_13)
FN:176,(anonymous_14)
FN:177,(anonymous_15)
FN:194,(anonymous_16)
FN:231,(anonymous_17)
FN:255,(anonymous_18)
FNF:19
FNH:12
FNDA:161,severityBadgeClass
FNDA:157,statusBadgeClass
FNDA:4,updateStatus
FNDA:5,assignUser
FNDA:39,(anonymous_4)
FNDA:0,(anonymous_5)
FNDA:0,(anonymous_6)
FNDA:0,(anonymous_7)
FNDA:0,(anonymous_8)
FNDA:0,(anonymous_9)
FNDA:1208,(anonymous_10)
FNDA:302,(anonymous_11)
FNDA:302,(anonymous_12)
FNDA:302,(anonymous_13)
FNDA:302,(anonymous_14)
FNDA:0,(anonymous_15)
FNDA:1788,(anonymous_16)
FNDA:4,(anonymous_17)
FNDA:0,(anonymous_18)
DA:10,39
DA:11,39
DA:12,39
DA:14,39
DA:15,39
DA:16,39
DA:17,39
DA:18,39
DA:20,39
DA:26,161
DA:27,154
DA:28,3
DA:29,1
DA:30,1
DA:31,2
DA:36,157
DA:37,27
DA:38,29
DA:39,98
DA:40,1
DA:41,2
DA:46,4
DA:47,3
DA:48,3
DA:49,3
DA:50,3
DA:52,3
DA:57,5
DA:58,4
DA:59,4
DA:60,3
DA:61,3
DA:62,3
DA:63,3
DA:65,3
DA:69,39
DA:70,39
DA:71,39
DA:72,39
DA:73,39
DA:74,39
DA:76,39
DA:82,193
DA:84,0
DA:92,1
DA:94,1
DA:95,1
DA:108,1
DA:110,1
DA:111,0
DA:114,0
DA:117,0
DA:120,0
DA:125,1
DA:126,1208
DA:136,1
DA:137,1
DA:142,1
DA:143,302
DA:152,1
DA:153,302
DA:162,1
DA:163,302
DA:173,1
DA:174,1
DA:175,302
DA:177,0
DA:188,1
DA:193,1
DA:194,1788
DA:208,1
DA:209,1
DA:231,4
DA:232,1
DA:233,1
DA:234,1
DA:236,1
DA:242,1
DA:243,1
DA:244,1
DA:255,0
LF:81
LH:74
BRDA:26,0,0,154
BRDA:26,0,1,3
BRDA:26,0,2,1
BRDA:26,0,3,1
BRDA:26,0,4,2
BRDA:26,1,0,161
BRDA:26,1,1,1
BRDA:36,2,0,27
BRDA:36,2,1,29
BRDA:36,2,2,98
BRDA:36,2,3,1
BRDA:36,2,4,2
BRDA:36,3,0,157
BRDA:36,3,1,1
BRDA:46,4,0,1
BRDA:46,4,1,3
BRDA:57,5,0,1
BRDA:57,5,1,4
BRDA:59,6,0,1
BRDA:59,6,1,3
BRDA:73,7,0,39
BRDA:73,7,1,1
BRDA:74,8,0,39
BRDA:74,8,1,0
BRDA:84,9,0,193
BRDA:84,9,1,39
BRDA:85,10,0,193
BRDA:85,10,1,39
BRDA:88,11,0,39
BRDA:88,11,1,154
BRDA:90,12,0,151
BRDA:90,12,1,3
BRDA:94,13,0,151
BRDA:94,13,1,0
BRDA:123,14,0,151
BRDA:123,14,1,38
BRDA:111,15,0,26
BRDA:111,15,1,125
BRDA:111,16,0,26
BRDA:111,16,1,25
BRDA:114,17,0,54
BRDA:114,17,1,97
BRDA:114,18,0,54
BRDA:114,18,1,28
BRDA:117,19,0,54
BRDA:117,19,1,97
BRDA:117,20,0,54
BRDA:117,20,1,28
BRDA:120,21,0,151
BRDA:120,21,1,38
BRDA:126,22,0,151
BRDA:126,22,1,0
BRDA:126,22,2,0
BRDA:137,23,0,1208
BRDA:137,23,1,0
BRDA:140,24,0,151
BRDA:148,25,0,151
BRDA:148,25,1,38
BRDA:150,26,0,151
BRDA:158,27,0,151
BRDA:158,27,1,38
BRDA:160,28,0,151
BRDA:168,29,0,151
BRDA:168,29,1,38
BRDA:179,30,0,151
BRDA:179,30,1,151
BRDA:184,31,0,151
BRDA:184,31,1,151
BRDA:190,32,0,149
BRDA:190,32,1,2
BRDA:212,33,0,149
BRDA:212,33,1,38
BRDA:194,34,0,149
BRDA:194,34,1,149
BRDA:194,35,0,149
BRDA:194,35,1,0
BRDA:194,36,0,149
BRDA:194,36,1,0
BRDA:194,37,0,149
BRDA:194,37,1,0
BRDA:209,38,0,1788
BRDA:209,38,1,0
BRDA:216,39,0,2
BRDA:217,40,0,0
BRDA:217,40,1,2
BRDA:247,41,0,2
BRDA:247,41,1,2
BRDA:256,42,0,3
BRDA:256,42,1,3
BRDA:255,43,0,3
BRDA:255,43,1,3
BRF:91
BRH:81
end_of_record
TN:
SF:src/views/xdr/XdrIncidentsView.vue
FN:19,severityBadgeClass
FN:29,statusBadgeClass
FN:42,(anonymous_2)
FN:45,(anonymous_3)
FN:48,(anonymous_4)
FN:53,fetchIncidents
FN:64,(anonymous_6)
FN:68,(anonymous_7)
FN:81,(anonymous_8)
FN:95,(anonymous_9)
FN:105,(anonymous_10)
FN:129,(anonymous_11)
FN:131,(anonymous_12)
FNF:13
FNH:10
FNDA:112,severityBadgeClass
FNDA:115,statusBadgeClass
FNDA:63,(anonymous_2)
FNDA:9,(anonymous_3)
FNDA:4,(anonymous_4)
FNDA:31,fetchIncidents
FNDA:5,(anonymous_6)
FNDA:29,(anonymous_7)
FNDA:1,(anonymous_8)
FNDA:0,(anonymous_9)
FNDA:0,(anonymous_10)
FNDA:106,(anonymous_11)
FNDA:0,(anonymous_12)
DA:11,29
DA:12,29
DA:13,29
DA:14,29
DA:16,29
DA:17,29
DA:20,112
DA:21,37
DA:22,37
DA:23,35
DA:24,1
DA:25,2
DA:30,115
DA:31,37
DA:32,37
DA:33,35
DA:34,1
DA:37,3
DA:38,2
DA:42,29
DA:43,63
DA:44,63
DA:45,9
DA:47,63
DA:48,4
DA:50,63
DA:54,31
DA:55,31
DA:56,31
DA:57,31
DA:58,31
DA:60,31
DA:64,29
DA:68,29
DA:72,96
DA:74,1
DA:81,1
DA:88,1
DA:89,0
DA:96,0
DA:106,1
DA:112,1
DA:113,1
DA:128,106
DA:131,0
DA:133,1
DA:134,1
DA:136,1
DA:137,1
DA:141,1
DA:147,1
DA:153,1
DA:154,1
DA:157,1
LF:54
LH:51
BRDA:20,0,0,37
BRDA:20,0,1,37
BRDA:20,0,2,35
BRDA:20,0,3,1
BRDA:20,0,4,2
BRDA:20,1,0,112
BRDA:20,1,1,1
BRDA:30,2,0,37
BRDA:30,2,1,37
BRDA:30,2,2,35
BRDA:30,2,3,1
BRDA:30,2,4,1
BRDA:30,2,5,2
BRDA:30,2,6,3
BRDA:30,2,7,2
BRDA:30,3,0,115
BRDA:30,3,1,1
BRDA:44,4,0,3
BRDA:44,4,1,60
BRDA:45,5,0,9
BRDA:45,5,1,0
BRDA:47,6,0,2
BRDA:47,6,1,61
BRDA:48,7,0,4
BRDA:48,7,1,0
BRDA:57,8,0,31
BRDA:57,8,1,0
BRDA:58,9,0,31
BRDA:58,9,1,0
BRDA:85,10,0,96
BRDA:85,10,1,29
BRDA:81,11,0,96
BRDA:81,11,1,29
BRDA:82,12,0,31
BRDA:82,12,1,65
BRDA:95,13,0,96
BRDA:95,13,1,29
BRDA:105,14,0,96
BRDA:105,14,1,29
BRDA:161,15,0,96
BRDA:161,15,1,29
BRDA:126,16,0,29
BRDA:126,16,1,67
BRDA:126,17,0,96
BRDA:126,17,1,31
BRDA:138,18,0,106
BRDA:138,18,1,0
BRDA:155,19,0,106
BRDA:155,19,1,70
BRDA:155,19,2,34
BRDA:164,20,0,29
BRDA:164,20,1,67
BRDA:164,21,0,96
BRDA:164,21,1,65
BRF:54
BRH:49
end_of_record
TN:
SF:src/views/xdr/XdrScriptsView.vue
FN:14,riskBadgeClass
FN:20,typeBadgeClass
FN:29,fetchScripts
FN:40,(anonymous_3)
FN:53,(anonymous_4)
FN:68,(anonymous_5)
FN:74,(anonymous_6)
FN:95,(anonymous_7)
FNF:8
FNH:7
FNDA:28,riskBadgeClass
FNDA:30,typeBadgeClass
FNDA:14,fetchScripts
FNDA:14,(anonymous_3)
FNDA:0,(anonymous_4)
FNDA:26,(anonymous_5)
FNDA:26,(anonymous_6)
FNDA:26,(anonymous_7)
DA:10,14
DA:11,14
DA:12,14
DA:15,28
DA:21,30
DA:22,1
DA:23,1
DA:24,1
DA:25,27
DA:30,14
DA:31,14
DA:32,14
DA:33,14
DA:34,14
DA:36,14
DA:40,14
DA:44,42
DA:46,1
DA:53,0
DA:60,1
DA:61,1
DA:63,1
DA:65,1
DA:67,1
DA:68,26
DA:71,1
DA:73,1
DA:74,26
DA:80,1
DA:81,1
DA:95,26
DA:96,1
DA:97,1
DA:98,1
DA:100,1
DA:103,1
DA:109,1
DA:115,1
DA:118,1
LF:39
LH:38
BRDA:15,0,0,1
BRDA:15,0,1,27
BRDA:21,1,0,1
BRDA:21,1,1,1
BRDA:21,1,2,1
BRDA:21,1,3,27
BRDA:33,2,0,14
BRDA:33,2,1,0
BRDA:34,3,0,14
BRDA:34,3,1,0
BRDA:57,4,0,42
BRDA:57,4,1,14
BRDA:53,5,0,42
BRDA:53,5,1,14
BRDA:54,6,0,14
BRDA:54,6,1,28
BRDA:64,7,0,42
BRDA:64,7,1,14
BRDA:70,8,0,42
BRDA:70,8,1,14
BRDA:76,9,0,42
BRDA:76,9,1,14
BRDA:129,10,0,42
BRDA:129,10,1,14
BRDA:93,11,0,14
BRDA:93,11,1,28
BRDA:93,12,0,42
BRDA:93,12,1,14
BRDA:112,13,0,0
BRDA:112,13,1,26
BRDA:132,14,0,15
BRDA:132,14,1,27
BRDA:132,15,0,42
BRDA:132,15,1,28
BRF:34
BRH:31
end_of_record
