TN:
SF:src/components/DevMockPanel.vue
FN:25,loadStats
FN:32,triggerScenario
FN:43,resetAll
FN:54,switchToken
FN:59,copyToken
FN:62,(anonymous_5)
FN:65,onOpen
FN:76,(anonymous_7)
FN:83,(anonymous_8)
FN:91,(anonymous_9)
FN:103,(anonymous_10)
FN:104,(anonymous_11)
FN:121,(anonymous_12)
FN:122,(anonymous_13)
FN:136,(anonymous_14)
FN:140,(anonymous_15)
FN:158,(anonymous_16)
FN:179,(anonymous_17)
FNF:18
FNH:8
FNDA:3,loadStats
FNDA:0,triggerScenario
FNDA:0,resetAll
FNDA:0,switchToken
FNDA:0,copyToken
FNDA:0,(anonymous_5)
FNDA:3,onOpen
FNDA:11,(anonymous_7)
FNDA:0,(anonymous_8)
FNDA:9,(anonymous_9)
FNDA:18,(anonymous_10)
FNDA:0,(anonymous_11)
FNDA:24,(anonymous_12)
FNDA:0,(anonymous_13)
FNDA:18,(anonymous_14)
FNDA:0,(anonymous_15)
FNDA:0,(anonymous_16)
FNDA:3,(anonymous_17)
DA:9,5
DA:10,5
DA:11,5
DA:12,5
DA:13,5
DA:14,5
DA:18,5
DA:26,3
DA:27,3
DA:28,3
DA:33,0
DA:34,0
DA:35,0
DA:36,0
DA:37,0
DA:39,0
DA:44,0
DA:45,0
DA:46,0
DA:47,0
DA:48,0
DA:50,0
DA:55,0
DA:56,0
DA:60,0
DA:61,0
DA:62,0
DA:66,3
DA:67,3
DA:73,2
DA:78,2
DA:79,2
DA:83,0
DA:88,2
DA:91,9
DA:93,2
DA:94,2
DA:101,2
DA:102,18
DA:104,0
DA:111,2
DA:119,2
DA:120,24
DA:122,0
DA:126,2
DA:127,2
DA:135,2
DA:136,18
DA:137,2
DA:138,2
DA:140,0
DA:148,2
DA:156,2
DA:158,0
DA:174,11
DA:179,3
LF:56
LH:34
BRDA:76,0,0,6
BRDA:80,1,0,6
BRDA:80,1,1,3
BRDA:83,2,0,6
BRDA:83,2,1,3
BRDA:90,3,0,3
BRDA:114,4,0,6
BRDA:114,4,1,3
BRDA:106,5,0,0
BRDA:106,5,1,18
BRDA:130,6,0,6
BRDA:130,6,1,3
BRDA:151,7,0,6
BRDA:151,7,1,3
BRDA:144,8,0,0
BRDA:144,8,1,18
BRDA:162,9,0,6
BRDA:162,9,1,3
BRDA:161,10,0,6
BRDA:161,10,1,3
BRDA:158,11,0,6
BRDA:158,11,1,3
BRDA:170,12,0,0
BRDA:170,12,1,6
BRDA:179,13,0,8
BRDA:179,13,1,5
BRDA:179,14,0,0
BRDA:179,14,1,3
BRDA:183,15,0,3
BRDA:183,15,1,5
BRF:30
BRH:26
end_of_record
TN:
SF:src/components/layout/Sidebar.vue
FN:46,(anonymous_0)
FN:66,(anonymous_1)
FN:78,(anonymous_2)
FNF:3
FNH:3
FNDA:198,(anonymous_0)
FNDA:234,(anonymous_1)
FNDA:198,(anonymous_2)
DA:15,9
DA:17,9
DA:46,198
DA:50,9
DA:52,2
DA:53,2
DA:54,2
DA:65,2
DA:68,2
DA:78,198
LF:10
LH:10
BRDA:46,0,0,198
BRDA:46,0,1,189
BRDA:57,1,0,9
BRDA:57,1,1,9
BRDA:67,2,0,36
BRDA:67,2,1,198
BRDA:74,3,0,9
BRDA:74,3,1,189
BRDA:84,4,0,9
BRDA:84,4,1,9
BRF:10
BRH:10
end_of_record
TN:
SF:src/components/layout/Topbar.vue
FN:17,loadAlerts
FN:27,toggleAlerts
FN:40,(anonymous_2)
FN:42,(anonymous_3)
FN:47,(anonymous_4)
FN:48,(anonymous_5)
FN:52,switchToken
FN:58,logout
FN:69,(anonymous_8)
FN:99,(anonymous_9)
FN:108,(anonymous_10)
FN:109,(anonymous_11)
FN:121,(anonymous_12)
FN:127,(anonymous_13)
FN:133,(anonymous_14)
FN:146,(anonymous_15)
FN:151,(anonymous_16)
FN:153,(anonymous_17)
FN:173,(anonymous_18)
FNF:19
FNH:15
FNDA:12,loadAlerts
FNDA:2,toggleAlerts
FNDA:10,(anonymous_2)
FNDA:10,(anonymous_3)
FNDA:11,(anonymous_4)
FNDA:32,(anonymous_5)
FNDA:1,switchToken
FNDA:1,logout
FNDA:22,(anonymous_8)
FNDA:0,(anonymous_9)
FNDA:1,(anonymous_10)
FNDA:0,(anonymous_11)
FNDA:1,(anonymous_12)
FNDA:0,(anonymous_13)
FNDA:3,(anonymous_14)
FNDA:2,(anonymous_15)
FNDA:9,(anonymous_16)
FNDA:1,(anonymous_17)
FNDA:0,(anonymous_18)
DA:9,10
DA:10,10
DA:11,10
DA:12,10
DA:13,10
DA:14,10
DA:15,10
DA:18,12
DA:19,12
DA:20,12
DA:21,12
DA:25,10
DA:28,2
DA:29,2
DA:32,10
DA:40,10
DA:41,10
DA:42,10
DA:43,10
DA:47,10
DA:48,32
DA:49,11
DA:53,1
DA:54,1
DA:55,1
DA:59,1
DA:60,1
DA:65,2
DA:67,2
DA:76,2
DA:85,2
DA:97,2
DA:99,0
DA:107,1
DA:109,0
DA:113,2
DA:114,2
DA:115,2
DA:117,2
DA:120,2
DA:121,1
DA:127,0
DA:131,2
DA:133,3
DA:136,2
DA:139,2
DA:148,2
DA:150,9
DA:153,1
DA:173,0
LF:50
LH:46
BRDA:21,0,0,12
BRDA:21,0,1,0
BRDA:29,1,0,2
BRDA:29,1,1,0
BRDA:49,2,0,11
BRDA:49,2,1,10
BRDA:73,3,0,22
BRDA:73,3,1,10
BRDA:69,4,0,22
BRDA:69,4,1,10
BRDA:71,5,0,22
BRDA:71,5,1,0
BRDA:77,6,0,22
BRDA:77,6,1,10
BRDA:88,7,0,11
BRDA:88,7,1,11
BRDA:89,8,0,0
BRDA:89,8,1,11
BRDA:94,9,0,2
BRDA:102,10,0,2
BRDA:102,10,1,2
BRDA:99,11,0,2
BRDA:99,11,1,2
BRDA:103,12,0,1
BRDA:103,12,1,1
BRDA:109,13,0,1
BRDA:109,13,1,1
BRDA:112,14,0,1
BRDA:112,14,1,0
BRDA:121,15,0,2
BRDA:121,15,1,2
BRDA:127,16,0,2
BRDA:127,16,1,20
BRDA:127,17,0,2
BRDA:127,17,1,2
BRDA:133,18,0,22
BRDA:133,18,1,10
BRDA:144,19,0,3
BRDA:146,20,0,3
BRDA:146,20,1,3
BRDA:160,21,0,3
BRDA:160,21,1,3
BRDA:155,22,0,0
BRDA:155,22,1,9
BRDA:158,23,0,0
BRDA:158,23,1,9
BRDA:165,24,0,3
BRDA:165,24,1,3
BRDA:173,25,0,3
BRDA:173,25,1,19
BRDA:173,26,0,3
BRDA:173,26,1,3
BRF:52
BRH:45
end_of_record
TN:
SF:src/components/shared/EmptyState.vue
FNF:0
FNH:0
DA:15,6
DA:16,6
DA:17,6
DA:18,6
LF:4
LH:4
BRF:0
BRH:0
end_of_record
TN:
SF:src/components/shared/LoadingSkeleton.vue
FN:8,(anonymous_0)
FNF:1
FNH:1
FNDA:23,(anonymous_0)
DA:7,8
DA:8,23
LF:2
LH:2
BRDA:8,0,0,23
BRDA:8,0,1,4
BRF:2
BRH:2
end_of_record
TN:
SF:src/components/shared/OsIcon.vue
FNF:0
FNH:0
DA:3,6
DA:4,6
DA:8,6
LF:3
LH:3
BRDA:8,0,0,6
BRDA:8,0,1,1
BRF:2
BRH:2
end_of_record
TN:
SF:src/components/shared/SeverityIcon.vue
FN:17,(anonymous_0)
FNF:1
FNH:1
FNDA:7,(anonymous_0)
DA:5,7
DA:9,7
DA:16,7
DA:17,7
DA:22,7
LF:5
LH:5
BRDA:17,0,0,7
BRDA:17,0,1,1
BRF:2
BRH:2
end_of_record
TN:
SF:src/components/shared/StatusBadge.vue
FN:57,(anonymous_0)
FNF:1
FNH:1
FNDA:10,(anonymous_0)
DA:5,10
DA:10,10
DA:16,10
DA:28,10
DA:39,10
DA:50,10
DA:57,10
DA:58,10
DA:59,10
DA:64,10
LF:10
LH:10
BRDA:58,0,0,10
BRDA:58,0,1,0
BRDA:58,1,0,10
BRDA:58,1,1,4
BRDA:59,2,0,10
BRDA:59,2,1,1
BRF:6
BRH:5
end_of_record
TN:
SF:src/stores/agents.ts
FN:24,cleanFilters
FN:26,(anonymous_1)
FN:35,(anonymous_2)
FN:50,fetchList
FN:70,performAction
FN:71,(anonymous_5)
FN:78,toggleSelect
FN:79,(anonymous_7)
FN:85,isSelected
FN:86,(anonymous_9)
FN:90,clearSelection
FN:94,(anonymous_11)
FNF:12
FNH:11
FNDA:12,cleanFilters
FNDA:60,(anonymous_1)
FNDA:18,(anonymous_2)
FNDA:12,fetchList
FNDA:3,performAction
FNDA:3,(anonymous_5)
FNDA:8,toggleSelect
FNDA:2,(anonymous_7)
FNDA:2,isSelected
FNDA:1,(anonymous_9)
FNDA:1,clearSelection
FNDA:0,(anonymous_11)
DA:15,1
DA:25,12
DA:26,60
DA:35,1
DA:36,18
DA:37,18
DA:38,18
DA:39,18
DA:40,18
DA:41,18
DA:43,18
DA:51,12
DA:52,12
DA:53,12
DA:54,12
DA:55,12
DA:56,11
DA:57,12
DA:58,12
DA:60,12
DA:71,3
DA:72,3
DA:73,3
DA:74,3
DA:79,8
DA:80,8
DA:81,1
DA:86,2
DA:91,1
DA:94,18
DA:96,18
LF:31
LH:31
BRDA:50,0,0,12
BRDA:54,1,0,1
BRDA:54,1,1,11
BRDA:54,2,0,12
BRDA:54,2,1,1
BRDA:56,3,0,10
BRDA:56,3,1,1
BRDA:57,4,0,12
BRDA:57,4,1,1
BRDA:58,5,0,12
BRDA:58,5,1,0
BRDA:70,6,0,3
BRDA:71,7,0,3
BRDA:71,7,1,3
BRDA:80,8,0,7
BRDA:80,8,1,1
BRF:16
BRH:15
end_of_record
TN:
SF:src/stores/auth.ts
FN:19,(anonymous_0)
FN:31,login
FN:38,(anonymous_2)
FN:43,logout
FN:50,isLoggedIn
FNF:5
FNH:5
FNDA:27,(anonymous_0)
FNDA:9,login
FNDA:4,(anonymous_2)
FNDA:4,logout
FNDA:3,isLoggedIn
DA:7,4
DA:19,4
DA:20,27
DA:21,27
DA:32,9
DA:33,9
DA:34,9
DA:35,9
DA:36,6
DA:38,4
DA:44,4
DA:45,4
DA:46,4
DA:51,3
DA:54,27
LF:15
LH:15
BRDA:20,0,0,27
BRDA:20,0,1,26
BRDA:38,1,0,2
BRDA:38,1,1,1
BRF:4
BRH:4
end_of_record
TN:
SF:src/stores/dashboard.ts
FN:35,(anonymous_0)
FN:55,fetchAll
FN:70,(anonymous_2)
FN:72,(anonymous_3)
FN:73,(anonymous_4)
FN:77,(anonymous_5)
FN:78,(anonymous_6)
FN:79,(anonymous_7)
FN:83,(anonymous_8)
FN:84,(anonymous_9)
FN:85,(anonymous_10)
FNF:11
FNH:11
FNDA:14,(anonymous_0)
FNDA:12,fetchAll
FNDA:22,(anonymous_2)
FNDA:44,(anonymous_3)
FNDA:44,(anonymous_4)
FNDA:44,(anonymous_5)
FNDA:44,(anonymous_6)
FNDA:44,(anonymous_7)
FNDA:44,(anonymous_8)
FNDA:44,(anonymous_9)
FNDA:44,(anonymous_10)
DA:35,1
DA:36,14
DA:43,14
DA:44,14
DA:45,14
DA:46,14
DA:47,14
DA:56,12
DA:57,12
DA:58,12
DA:65,11
DA:66,11
DA:68,11
DA:70,22
DA:72,44
DA:73,44
DA:76,11
DA:77,44
DA:78,44
DA:79,44
DA:82,11
DA:83,44
DA:84,44
DA:85,44
DA:88,11
DA:89,11
DA:91,12
DA:95,14
LF:28
LH:28
BRF:0
BRH:0
end_of_record
TN:
SF:src/stores/threats.ts
FN:26,cleanFilters
FN:28,(anonymous_1)
FN:37,(anonymous_2)
FN:52,fetchList
FN:72,performAction
FN:73,(anonymous_5)
FN:80,toggleSelect
FN:81,(anonymous_7)
FN:86,(anonymous_8)
FNF:9
FNH:8
FNDA:12,cleanFilters
FNDA:72,(anonymous_1)
FNDA:16,(anonymous_2)
FNDA:12,fetchList
FNDA:3,performAction
FNDA:3,(anonymous_5)
FNDA:7,toggleSelect
FNDA:1,(anonymous_7)
FNDA:0,(anonymous_8)
DA:16,1
DA:27,12
DA:28,72
DA:37,1
DA:38,16
DA:39,16
DA:40,16
DA:41,16
DA:42,16
DA:43,16
DA:45,16
DA:53,12
DA:54,12
DA:55,12
DA:56,12
DA:57,12
DA:58,11
DA:59,12
DA:60,12
DA:62,12
DA:73,3
DA:74,3
DA:75,3
DA:76,3
DA:81,7
DA:82,7
DA:83,1
DA:86,16
DA:88,16
LF:29
LH:29
BRDA:52,0,0,12
BRDA:56,1,0,1
BRDA:56,1,1,11
BRDA:56,2,0,12
BRDA:56,2,1,1
BRDA:58,3,0,10
BRDA:58,3,1,1
BRDA:59,4,0,12
BRDA:59,4,1,1
BRDA:60,5,0,12
BRDA:60,5,1,0
BRDA:72,6,0,3
BRDA:73,7,0,3
BRDA:73,7,1,3
BRDA:82,8,0,6
BRDA:82,8,1,1
BRF:16
BRH:15
end_of_record
